{"/Users/mehdinabhani/Projects/antigravity/fun_projects/skill-tango/web/convex/aiPipeline.ts": {"path":"/Users/mehdinabhani/Projects/antigravity/fun_projects/skill-tango/web/convex/aiPipeline.ts","statementMap":{"0":{"start":{"line":7,"column":19},"end":{"line":7,"column":null}},"1":{"start":{"line":8,"column":22},"end":{"line":8,"column":null}},"2":{"start":{"line":11,"column":2},"end":{"line":11,"column":null}},"3":{"start":{"line":11,"column":56},"end":{"line":11,"column":104}},"4":{"start":{"line":15,"column":10},"end":{"line":15,"column":null}},"5":{"start":{"line":18,"column":2},"end":{"line":18,"column":null}},"6":{"start":{"line":20,"column":2},"end":{"line":20,"column":null}},"7":{"start":{"line":21,"column":2},"end":{"line":21,"column":null}},"8":{"start":{"line":25,"column":16},"end":{"line":25,"column":null}},"9":{"start":{"line":27,"column":2},"end":{"line":29,"column":null}},"10":{"start":{"line":28,"column":4},"end":{"line":28,"column":null}},"11":{"start":{"line":31,"column":2},"end":{"line":31,"column":null}},"12":{"start":{"line":34,"column":2},"end":{"line":51,"column":null}},"13":{"start":{"line":35,"column":4},"end":{"line":35,"column":null}},"14":{"start":{"line":38,"column":23},"end":{"line":38,"column":null}},"15":{"start":{"line":39,"column":22},"end":{"line":39,"column":null}},"16":{"start":{"line":40,"column":4},"end":{"line":48,"column":null}},"17":{"start":{"line":41,"column":22},"end":{"line":41,"column":null}},"18":{"start":{"line":42,"column":6},"end":{"line":47,"column":null}},"19":{"start":{"line":43,"column":8},"end":{"line":43,"column":null}},"20":{"start":{"line":45,"column":8},"end":{"line":45,"column":null}},"21":{"start":{"line":46,"column":8},"end":{"line":46,"column":null}},"22":{"start":{"line":49,"column":4},"end":{"line":49,"column":null}},"23":{"start":{"line":50,"column":4},"end":{"line":50,"column":null}},"24":{"start":{"line":54,"column":26},"end":{"line":54,"column":null}},"25":{"start":{"line":67,"column":2},"end":{"line":78,"column":null}},"26":{"start":{"line":67,"column":21},"end":{"line":67,"column":24}},"27":{"start":{"line":68,"column":26},"end":{"line":68,"column":null}},"28":{"start":{"line":69,"column":4},"end":{"line":77,"column":null}},"29":{"start":{"line":70,"column":6},"end":{"line":70,"column":null}},"30":{"start":{"line":72,"column":6},"end":{"line":72,"column":null}},"31":{"start":{"line":73,"column":6},"end":{"line":76,"column":null}},"32":{"start":{"line":74,"column":8},"end":{"line":74,"column":null}},"33":{"start":{"line":75,"column":8},"end":{"line":75,"column":null}},"34":{"start":{"line":79,"column":2},"end":{"line":79,"column":null}},"35":{"start":{"line":82,"column":13},"end":{"line":115,"column":null}},"36":{"start":{"line":89,"column":57},"end":{"line":89,"column":null}},"37":{"start":{"line":92,"column":19},"end":{"line":92,"column":null}},"38":{"start":{"line":93,"column":4},"end":{"line":96,"column":null}},"39":{"start":{"line":94,"column":6},"end":{"line":94,"column":null}},"40":{"start":{"line":95,"column":6},"end":{"line":95,"column":null}},"41":{"start":{"line":98,"column":40},"end":{"line":98,"column":null}},"42":{"start":{"line":99,"column":41},"end":{"line":99,"column":null}},"43":{"start":{"line":101,"column":4},"end":{"line":101,"column":null}},"44":{"start":{"line":101,"column":41},"end":{"line":101,"column":null}},"45":{"start":{"line":103,"column":23},"end":{"line":103,"column":null}},"46":{"start":{"line":105,"column":19},"end":{"line":112,"column":null}},"47":{"start":{"line":113,"column":4},"end":{"line":113,"column":null}},"48":{"start":{"line":117,"column":13},"end":{"line":165,"column":null}},"49":{"start":{"line":127,"column":89},"end":{"line":127,"column":null}},"50":{"start":{"line":130,"column":19},"end":{"line":130,"column":null}},"51":{"start":{"line":131,"column":4},"end":{"line":134,"column":null}},"52":{"start":{"line":132,"column":6},"end":{"line":132,"column":null}},"53":{"start":{"line":133,"column":6},"end":{"line":133,"column":null}},"54":{"start":{"line":136,"column":32},"end":{"line":136,"column":null}},"55":{"start":{"line":137,"column":33},"end":{"line":137,"column":null}},"56":{"start":{"line":139,"column":4},"end":{"line":139,"column":null}},"57":{"start":{"line":139,"column":55},"end":{"line":139,"column":null}},"58":{"start":{"line":141,"column":30},"end":{"line":148,"column":null}},"59":{"start":{"line":150,"column":19},"end":{"line":157,"column":null}},"60":{"start":{"line":159,"column":4},"end":{"line":163,"column":null}},"61":{"start":{"line":167,"column":13},"end":{"line":296,"column":null}},"62":{"start":{"line":173,"column":19},"end":{"line":173,"column":null}},"63":{"start":{"line":174,"column":4},"end":{"line":176,"column":null}},"64":{"start":{"line":175,"column":6},"end":{"line":175,"column":null}},"65":{"start":{"line":178,"column":40},"end":{"line":180,"column":null}},"66":{"start":{"line":183,"column":4},"end":{"line":189,"column":null}},"67":{"start":{"line":184,"column":25},"end":{"line":184,"column":null}},"68":{"start":{"line":185,"column":6},"end":{"line":188,"column":null}},"69":{"start":{"line":186,"column":8},"end":{"line":186,"column":null}},"70":{"start":{"line":191,"column":34},"end":{"line":191,"column":null}},"71":{"start":{"line":192,"column":4},"end":{"line":192,"column":null}},"72":{"start":{"line":192,"column":32},"end":{"line":192,"column":null}},"73":{"start":{"line":194,"column":25},"end":{"line":199,"column":null}},"74":{"start":{"line":201,"column":24},"end":{"line":206,"column":null}},"75":{"start":{"line":208,"column":34},"end":{"line":208,"column":null}},"76":{"start":{"line":209,"column":4},"end":{"line":209,"column":null}},"77":{"start":{"line":209,"column":32},"end":{"line":209,"column":null}},"78":{"start":{"line":211,"column":27},"end":{"line":214,"column":null}},"79":{"start":{"line":216,"column":20},"end":{"line":216,"column":null}},"80":{"start":{"line":217,"column":4},"end":{"line":226,"column":null}},"81":{"start":{"line":218,"column":21},"end":{"line":222,"column":null}},"82":{"start":{"line":223,"column":6},"end":{"line":223,"column":null}},"83":{"start":{"line":225,"column":6},"end":{"line":225,"column":null}},"84":{"start":{"line":229,"column":25},"end":{"line":229,"column":null}},"85":{"start":{"line":230,"column":4},"end":{"line":258,"column":null}},"86":{"start":{"line":231,"column":33},"end":{"line":231,"column":null}},"87":{"start":{"line":232,"column":6},"end":{"line":257,"column":null}},"88":{"start":{"line":234,"column":24},"end":{"line":234,"column":null}},"89":{"start":{"line":235,"column":23},"end":{"line":249,"column":null}},"90":{"start":{"line":251,"column":8},"end":{"line":256,"column":null}},"91":{"start":{"line":252,"column":28},"end":{"line":252,"column":null}},"92":{"start":{"line":253,"column":10},"end":{"line":253,"column":null}},"93":{"start":{"line":255,"column":10},"end":{"line":255,"column":null}},"94":{"start":{"line":261,"column":19},"end":{"line":261,"column":null}},"95":{"start":{"line":262,"column":4},"end":{"line":277,"column":null}},"96":{"start":{"line":263,"column":6},"end":{"line":276,"column":null}},"97":{"start":{"line":264,"column":28},"end":{"line":264,"column":null}},"98":{"start":{"line":265,"column":20},"end":{"line":265,"column":null}},"99":{"start":{"line":266,"column":29},"end":{"line":266,"column":null}},"100":{"start":{"line":267,"column":22},"end":{"line":267,"column":null}},"101":{"start":{"line":268,"column":8},"end":{"line":270,"column":null}},"102":{"start":{"line":268,"column":21},"end":{"line":268,"column":24}},"103":{"start":{"line":269,"column":10},"end":{"line":269,"column":null}},"104":{"start":{"line":271,"column":21},"end":{"line":271,"column":null}},"105":{"start":{"line":272,"column":26},"end":{"line":272,"column":null}},"106":{"start":{"line":273,"column":8},"end":{"line":273,"column":null}},"107":{"start":{"line":275,"column":8},"end":{"line":275,"column":null}},"108":{"start":{"line":280,"column":4},"end":{"line":285,"column":null}},"109":{"start":{"line":287,"column":4},"end":{"line":292,"column":null}},"110":{"start":{"line":288,"column":6},"end":{"line":291,"column":null}},"111":{"start":{"line":294,"column":4},"end":{"line":294,"column":null}},"112":{"start":{"line":298,"column":13},"end":{"line":369,"column":null}},"113":{"start":{"line":308,"column":101},"end":{"line":308,"column":null}},"114":{"start":{"line":310,"column":34},"end":{"line":310,"column":null}},"115":{"start":{"line":311,"column":4},"end":{"line":311,"column":null}},"116":{"start":{"line":311,"column":32},"end":{"line":311,"column":null}},"117":{"start":{"line":313,"column":25},"end":{"line":319,"column":null}},"118":{"start":{"line":321,"column":24},"end":{"line":326,"column":null}},"119":{"start":{"line":328,"column":34},"end":{"line":328,"column":null}},"120":{"start":{"line":329,"column":4},"end":{"line":329,"column":null}},"121":{"start":{"line":329,"column":32},"end":{"line":329,"column":null}},"122":{"start":{"line":331,"column":27},"end":{"line":334,"column":null}},"123":{"start":{"line":336,"column":20},"end":{"line":336,"column":null}},"124":{"start":{"line":337,"column":4},"end":{"line":347,"column":null}},"125":{"start":{"line":338,"column":21},"end":{"line":343,"column":null}},"126":{"start":{"line":344,"column":6},"end":{"line":344,"column":null}},"127":{"start":{"line":346,"column":6},"end":{"line":346,"column":null}},"128":{"start":{"line":349,"column":19},"end":{"line":349,"column":null}},"129":{"start":{"line":350,"column":4},"end":{"line":365,"column":null}},"130":{"start":{"line":351,"column":6},"end":{"line":364,"column":null}},"131":{"start":{"line":352,"column":28},"end":{"line":352,"column":null}},"132":{"start":{"line":353,"column":20},"end":{"line":353,"column":null}},"133":{"start":{"line":354,"column":29},"end":{"line":354,"column":null}},"134":{"start":{"line":355,"column":22},"end":{"line":355,"column":null}},"135":{"start":{"line":356,"column":8},"end":{"line":358,"column":null}},"136":{"start":{"line":356,"column":21},"end":{"line":356,"column":24}},"137":{"start":{"line":357,"column":10},"end":{"line":357,"column":null}},"138":{"start":{"line":359,"column":21},"end":{"line":359,"column":null}},"139":{"start":{"line":360,"column":26},"end":{"line":360,"column":null}},"140":{"start":{"line":361,"column":8},"end":{"line":361,"column":null}},"141":{"start":{"line":363,"column":8},"end":{"line":363,"column":null}},"142":{"start":{"line":367,"column":4},"end":{"line":367,"column":null}}},"fnMap":{"0":{"name":"fillTemplate","decl":{"start":{"line":10,"column":16},"end":{"line":10,"column":29}},"loc":{"start":{"line":10,"column":82},"end":{"line":12,"column":null}},"line":10},"1":{"name":"(anonymous_1)","decl":{"start":{"line":11,"column":44},"end":{"line":11,"column":45}},"loc":{"start":{"line":11,"column":56},"end":{"line":11,"column":104}},"line":11},"2":{"name":"sanitizeJson","decl":{"start":{"line":14,"column":16},"end":{"line":14,"column":29}},"loc":{"start":{"line":14,"column":50},"end":{"line":22,"column":null}},"line":14},"3":{"name":"parseJsonResponse","decl":{"start":{"line":24,"column":16},"end":{"line":24,"column":34}},"loc":{"start":{"line":24,"column":52},"end":{"line":52,"column":null}},"line":24},"4":{"name":"callAndParseJson","decl":{"start":{"line":61,"column":15},"end":{"line":61,"column":null}},"loc":{"start":{"line":65,"column":16},"end":{"line":80,"column":null}},"line":65},"5":{"name":"(anonymous_5)","decl":{"start":{"line":88,"column":11},"end":{"line":88,"column":18}},"loc":{"start":{"line":88,"column":93},"end":{"line":114,"column":null}},"line":88},"6":{"name":"(anonymous_6)","decl":{"start":{"line":126,"column":11},"end":{"line":126,"column":18}},"loc":{"start":{"line":126,"column":32},"end":{"line":164,"column":null}},"line":126},"7":{"name":"(anonymous_7)","decl":{"start":{"line":171,"column":11},"end":{"line":171,"column":18}},"loc":{"start":{"line":171,"column":32},"end":{"line":295,"column":null}},"line":171},"8":{"name":"(anonymous_8)","decl":{"start":{"line":307,"column":11},"end":{"line":307,"column":18}},"loc":{"start":{"line":307,"column":32},"end":{"line":368,"column":null}},"line":307}},"branchMap":{"0":{"loc":{"start":{"line":11,"column":56},"end":{"line":11,"column":104}},"type":"cond-expr","locations":[{"start":{"line":11,"column":82},"end":{"line":11,"column":102}},{"start":{"line":11,"column":102},"end":{"line":11,"column":104}}],"line":11},"1":{"loc":{"start":{"line":27,"column":2},"end":{"line":29,"column":null}},"type":"if","locations":[{"start":{"line":27,"column":2},"end":{"line":29,"column":null}},{"start":{},"end":{}}],"line":27},"2":{"loc":{"start":{"line":40,"column":4},"end":{"line":48,"column":null}},"type":"if","locations":[{"start":{"line":40,"column":4},"end":{"line":48,"column":null}},{"start":{},"end":{}}],"line":40},"3":{"loc":{"start":{"line":40,"column":8},"end":{"line":40,"column":53}},"type":"binary-expr","locations":[{"start":{"line":40,"column":8},"end":{"line":40,"column":29}},{"start":{"line":40,"column":29},"end":{"line":40,"column":53}}],"line":40},"4":{"loc":{"start":{"line":73,"column":6},"end":{"line":76,"column":null}},"type":"if","locations":[{"start":{"line":73,"column":6},"end":{"line":76,"column":null}},{"start":{},"end":{}}],"line":73},"5":{"loc":{"start":{"line":89,"column":32},"end":{"line":89,"column":53}},"type":"default-arg","locations":[{"start":{"line":89,"column":43},"end":{"line":89,"column":53}}],"line":89},"6":{"loc":{"start":{"line":93,"column":4},"end":{"line":96,"column":null}},"type":"if","locations":[{"start":{"line":93,"column":4},"end":{"line":96,"column":null}},{"start":{},"end":{}}],"line":93},"7":{"loc":{"start":{"line":101,"column":4},"end":{"line":101,"column":null}},"type":"if","locations":[{"start":{"line":101,"column":4},"end":{"line":101,"column":null}},{"start":{},"end":{}}],"line":101},"8":{"loc":{"start":{"line":101,"column":8},"end":{"line":101,"column":41}},"type":"binary-expr","locations":[{"start":{"line":101,"column":8},"end":{"line":101,"column":25}},{"start":{"line":101,"column":25},"end":{"line":101,"column":41}}],"line":101},"9":{"loc":{"start":{"line":127,"column":64},"end":{"line":127,"column":85}},"type":"default-arg","locations":[{"start":{"line":127,"column":75},"end":{"line":127,"column":85}}],"line":127},"10":{"loc":{"start":{"line":131,"column":4},"end":{"line":134,"column":null}},"type":"if","locations":[{"start":{"line":131,"column":4},"end":{"line":134,"column":null}},{"start":{},"end":{}}],"line":131},"11":{"loc":{"start":{"line":139,"column":4},"end":{"line":139,"column":null}},"type":"if","locations":[{"start":{"line":139,"column":4},"end":{"line":139,"column":null}},{"start":{},"end":{}}],"line":139},"12":{"loc":{"start":{"line":139,"column":8},"end":{"line":139,"column":55}},"type":"binary-expr","locations":[{"start":{"line":139,"column":8},"end":{"line":139,"column":32}},{"start":{"line":139,"column":32},"end":{"line":139,"column":55}}],"line":139},"13":{"loc":{"start":{"line":174,"column":4},"end":{"line":176,"column":null}},"type":"if","locations":[{"start":{"line":174,"column":4},"end":{"line":176,"column":null}},{"start":{},"end":{}}],"line":174},"14":{"loc":{"start":{"line":183,"column":4},"end":{"line":189,"column":null}},"type":"if","locations":[{"start":{"line":183,"column":4},"end":{"line":189,"column":null}},{"start":{},"end":{}}],"line":183},"15":{"loc":{"start":{"line":183,"column":8},"end":{"line":183,"column":55}},"type":"binary-expr","locations":[{"start":{"line":183,"column":8},"end":{"line":183,"column":47}},{"start":{"line":183,"column":47},"end":{"line":183,"column":55}}],"line":183},"16":{"loc":{"start":{"line":185,"column":6},"end":{"line":188,"column":null}},"type":"if","locations":[{"start":{"line":185,"column":6},"end":{"line":188,"column":null}},{"start":{},"end":{}}],"line":185},"17":{"loc":{"start":{"line":192,"column":4},"end":{"line":192,"column":null}},"type":"if","locations":[{"start":{"line":192,"column":4},"end":{"line":192,"column":null}},{"start":{},"end":{}}],"line":192},"18":{"loc":{"start":{"line":209,"column":4},"end":{"line":209,"column":null}},"type":"if","locations":[{"start":{"line":209,"column":4},"end":{"line":209,"column":null}},{"start":{},"end":{}}],"line":209},"19":{"loc":{"start":{"line":223,"column":18},"end":{"line":223,"column":null}},"type":"binary-expr","locations":[{"start":{"line":223,"column":18},"end":{"line":223,"column":38}},{"start":{"line":223,"column":38},"end":{"line":223,"column":null}}],"line":223},"20":{"loc":{"start":{"line":230,"column":4},"end":{"line":258,"column":null}},"type":"if","locations":[{"start":{"line":230,"column":4},"end":{"line":258,"column":null}},{"start":{},"end":{}}],"line":230},"21":{"loc":{"start":{"line":232,"column":6},"end":{"line":257,"column":null}},"type":"if","locations":[{"start":{"line":232,"column":6},"end":{"line":257,"column":null}},{"start":{},"end":{}}],"line":232},"22":{"loc":{"start":{"line":251,"column":8},"end":{"line":256,"column":null}},"type":"if","locations":[{"start":{"line":251,"column":8},"end":{"line":256,"column":null}},{"start":{"line":254,"column":15},"end":{"line":256,"column":null}}],"line":251},"23":{"loc":{"start":{"line":262,"column":4},"end":{"line":277,"column":null}},"type":"if","locations":[{"start":{"line":262,"column":4},"end":{"line":277,"column":null}},{"start":{},"end":{}}],"line":262},"24":{"loc":{"start":{"line":284,"column":16},"end":{"line":284,"column":null}},"type":"binary-expr","locations":[{"start":{"line":284,"column":16},"end":{"line":284,"column":28}},{"start":{"line":284,"column":28},"end":{"line":284,"column":null}}],"line":284},"25":{"loc":{"start":{"line":287,"column":4},"end":{"line":292,"column":null}},"type":"if","locations":[{"start":{"line":287,"column":4},"end":{"line":292,"column":null}},{"start":{},"end":{}}],"line":287},"26":{"loc":{"start":{"line":308,"column":59},"end":{"line":308,"column":81}},"type":"default-arg","locations":[{"start":{"line":308,"column":70},"end":{"line":308,"column":81}}],"line":308},"27":{"loc":{"start":{"line":308,"column":81},"end":{"line":308,"column":97}},"type":"default-arg","locations":[{"start":{"line":308,"column":94},"end":{"line":308,"column":97}}],"line":308},"28":{"loc":{"start":{"line":311,"column":4},"end":{"line":311,"column":null}},"type":"if","locations":[{"start":{"line":311,"column":4},"end":{"line":311,"column":null}},{"start":{},"end":{}}],"line":311},"29":{"loc":{"start":{"line":329,"column":4},"end":{"line":329,"column":null}},"type":"if","locations":[{"start":{"line":329,"column":4},"end":{"line":329,"column":null}},{"start":{},"end":{}}],"line":329},"30":{"loc":{"start":{"line":344,"column":18},"end":{"line":344,"column":null}},"type":"binary-expr","locations":[{"start":{"line":344,"column":18},"end":{"line":344,"column":38}},{"start":{"line":344,"column":38},"end":{"line":344,"column":null}}],"line":344},"31":{"loc":{"start":{"line":350,"column":4},"end":{"line":365,"column":null}},"type":"if","locations":[{"start":{"line":350,"column":4},"end":{"line":365,"column":null}},{"start":{},"end":{}}],"line":350},"32":{"loc":{"start":{"line":367,"column":53},"end":{"line":367,"column":75}},"type":"binary-expr","locations":[{"start":{"line":367,"column":53},"end":{"line":367,"column":65}},{"start":{"line":367,"column":65},"end":{"line":367,"column":75}}],"line":367}},"s":{"0":1,"1":1,"2":7,"3":7,"4":13,"5":13,"6":13,"7":13,"8":8,"9":8,"10":2,"11":8,"12":8,"13":8,"14":2,"15":2,"16":2,"17":1,"18":1,"19":1,"20":0,"21":0,"22":1,"23":1,"24":1,"25":0,"26":0,"27":0,"28":0,"29":0,"30":0,"31":0,"32":0,"33":0,"34":0,"35":1,"36":0,"37":0,"38":0,"39":0,"40":0,"41":0,"42":0,"43":0,"44":0,"45":0,"46":0,"47":0,"48":1,"49":0,"50":0,"51":0,"52":0,"53":0,"54":0,"55":0,"56":0,"57":0,"58":0,"59":0,"60":0,"61":1,"62":0,"63":0,"64":0,"65":0,"66":0,"67":0,"68":0,"69":0,"70":0,"71":0,"72":0,"73":0,"74":0,"75":0,"76":0,"77":0,"78":0,"79":0,"80":0,"81":0,"82":0,"83":0,"84":0,"85":0,"86":0,"87":0,"88":0,"89":0,"90":0,"91":0,"92":0,"93":0,"94":0,"95":0,"96":0,"97":0,"98":0,"99":0,"100":0,"101":0,"102":0,"103":0,"104":0,"105":0,"106":0,"107":0,"108":0,"109":0,"110":0,"111":0,"112":1,"113":0,"114":0,"115":0,"116":0,"117":0,"118":0,"119":0,"120":0,"121":0,"122":0,"123":0,"124":0,"125":0,"126":0,"127":0,"128":0,"129":0,"130":0,"131":0,"132":0,"133":0,"134":0,"135":0,"136":0,"137":0,"138":0,"139":0,"140":0,"141":0,"142":0},"f":{"0":7,"1":7,"2":13,"3":8,"4":0,"5":0,"6":0,"7":0,"8":0},"b":{"0":[5,2],"1":[2,6],"2":[1,1],"3":[2,1],"4":[0,0],"5":[0],"6":[0,0],"7":[0,0],"8":[0,0],"9":[0],"10":[0,0],"11":[0,0],"12":[0,0],"13":[0,0],"14":[0,0],"15":[0,0],"16":[0,0],"17":[0,0],"18":[0,0],"19":[0,0],"20":[0,0],"21":[0,0],"22":[0,0],"23":[0,0],"24":[0,0],"25":[0,0],"26":[0],"27":[0],"28":[0,0],"29":[0,0],"30":[0,0],"31":[0,0],"32":[0,0]},"meta":{"lastBranch":33,"lastFunction":9,"lastStatement":143,"seen":{"s:7:19:7:Infinity":0,"s:8:22:8:Infinity":1,"f:10:16:10:29":0,"s:11:2:11:Infinity":2,"f:11:44:11:45":1,"s:11:56:11:104":3,"b:11:82:11:102:11:102:11:104":0,"f:14:16:14:29":2,"s:15:10:15:Infinity":4,"s:18:2:18:Infinity":5,"s:20:2:20:Infinity":6,"s:21:2:21:Infinity":7,"f:24:16:24:34":3,"s:25:16:25:Infinity":8,"b:27:2:29:Infinity:undefined:undefined:undefined:undefined":1,"s:27:2:29:Infinity":9,"s:28:4:28:Infinity":10,"s:31:2:31:Infinity":11,"s:34:2:51:Infinity":12,"s:35:4:35:Infinity":13,"s:38:23:38:Infinity":14,"s:39:22:39:Infinity":15,"b:40:4:48:Infinity:undefined:undefined:undefined:undefined":2,"s:40:4:48:Infinity":16,"b:40:8:40:29:40:29:40:53":3,"s:41:22:41:Infinity":17,"s:42:6:47:Infinity":18,"s:43:8:43:Infinity":19,"s:45:8:45:Infinity":20,"s:46:8:46:Infinity":21,"s:49:4:49:Infinity":22,"s:50:4:50:Infinity":23,"s:54:26:54:Infinity":24,"f:61:15:61:Infinity":4,"s:67:2:78:Infinity":25,"s:67:21:67:24":26,"s:68:26:68:Infinity":27,"s:69:4:77:Infinity":28,"s:70:6:70:Infinity":29,"s:72:6:72:Infinity":30,"b:73:6:76:Infinity:undefined:undefined:undefined:undefined":4,"s:73:6:76:Infinity":31,"s:74:8:74:Infinity":32,"s:75:8:75:Infinity":33,"s:79:2:79:Infinity":34,"s:82:13:115:Infinity":35,"f:88:11:88:18":5,"s:89:57:89:Infinity":36,"b:89:43:89:53":5,"s:92:19:92:Infinity":37,"b:93:4:96:Infinity:undefined:undefined:undefined:undefined":6,"s:93:4:96:Infinity":38,"s:94:6:94:Infinity":39,"s:95:6:95:Infinity":40,"s:98:40:98:Infinity":41,"s:99:41:99:Infinity":42,"b:101:4:101:Infinity:undefined:undefined:undefined:undefined":7,"s:101:4:101:Infinity":43,"b:101:8:101:25:101:25:101:41":8,"s:101:41:101:Infinity":44,"s:103:23:103:Infinity":45,"s:105:19:112:Infinity":46,"s:113:4:113:Infinity":47,"s:117:13:165:Infinity":48,"f:126:11:126:18":6,"s:127:89:127:Infinity":49,"b:127:75:127:85":9,"s:130:19:130:Infinity":50,"b:131:4:134:Infinity:undefined:undefined:undefined:undefined":10,"s:131:4:134:Infinity":51,"s:132:6:132:Infinity":52,"s:133:6:133:Infinity":53,"s:136:32:136:Infinity":54,"s:137:33:137:Infinity":55,"b:139:4:139:Infinity:undefined:undefined:undefined:undefined":11,"s:139:4:139:Infinity":56,"b:139:8:139:32:139:32:139:55":12,"s:139:55:139:Infinity":57,"s:141:30:148:Infinity":58,"s:150:19:157:Infinity":59,"s:159:4:163:Infinity":60,"s:167:13:296:Infinity":61,"f:171:11:171:18":7,"s:173:19:173:Infinity":62,"b:174:4:176:Infinity:undefined:undefined:undefined:undefined":13,"s:174:4:176:Infinity":63,"s:175:6:175:Infinity":64,"s:178:40:180:Infinity":65,"b:183:4:189:Infinity:undefined:undefined:undefined:undefined":14,"s:183:4:189:Infinity":66,"b:183:8:183:47:183:47:183:55":15,"s:184:25:184:Infinity":67,"b:185:6:188:Infinity:undefined:undefined:undefined:undefined":16,"s:185:6:188:Infinity":68,"s:186:8:186:Infinity":69,"s:191:34:191:Infinity":70,"b:192:4:192:Infinity:undefined:undefined:undefined:undefined":17,"s:192:4:192:Infinity":71,"s:192:32:192:Infinity":72,"s:194:25:199:Infinity":73,"s:201:24:206:Infinity":74,"s:208:34:208:Infinity":75,"b:209:4:209:Infinity:undefined:undefined:undefined:undefined":18,"s:209:4:209:Infinity":76,"s:209:32:209:Infinity":77,"s:211:27:214:Infinity":78,"s:216:20:216:Infinity":79,"s:217:4:226:Infinity":80,"s:218:21:222:Infinity":81,"s:223:6:223:Infinity":82,"b:223:18:223:38:223:38:223:Infinity":19,"s:225:6:225:Infinity":83,"s:229:25:229:Infinity":84,"b:230:4:258:Infinity:undefined:undefined:undefined:undefined":20,"s:230:4:258:Infinity":85,"s:231:33:231:Infinity":86,"b:232:6:257:Infinity:undefined:undefined:undefined:undefined":21,"s:232:6:257:Infinity":87,"s:234:24:234:Infinity":88,"s:235:23:249:Infinity":89,"b:251:8:256:Infinity:254:15:256:Infinity":22,"s:251:8:256:Infinity":90,"s:252:28:252:Infinity":91,"s:253:10:253:Infinity":92,"s:255:10:255:Infinity":93,"s:261:19:261:Infinity":94,"b:262:4:277:Infinity:undefined:undefined:undefined:undefined":23,"s:262:4:277:Infinity":95,"s:263:6:276:Infinity":96,"s:264:28:264:Infinity":97,"s:265:20:265:Infinity":98,"s:266:29:266:Infinity":99,"s:267:22:267:Infinity":100,"s:268:8:270:Infinity":101,"s:268:21:268:24":102,"s:269:10:269:Infinity":103,"s:271:21:271:Infinity":104,"s:272:26:272:Infinity":105,"s:273:8:273:Infinity":106,"s:275:8:275:Infinity":107,"s:280:4:285:Infinity":108,"b:284:16:284:28:284:28:284:Infinity":24,"b:287:4:292:Infinity:undefined:undefined:undefined:undefined":25,"s:287:4:292:Infinity":109,"s:288:6:291:Infinity":110,"s:294:4:294:Infinity":111,"s:298:13:369:Infinity":112,"f:307:11:307:18":8,"s:308:101:308:Infinity":113,"b:308:70:308:81":26,"b:308:94:308:97":27,"s:310:34:310:Infinity":114,"b:311:4:311:Infinity:undefined:undefined:undefined:undefined":28,"s:311:4:311:Infinity":115,"s:311:32:311:Infinity":116,"s:313:25:319:Infinity":117,"s:321:24:326:Infinity":118,"s:328:34:328:Infinity":119,"b:329:4:329:Infinity:undefined:undefined:undefined:undefined":29,"s:329:4:329:Infinity":120,"s:329:32:329:Infinity":121,"s:331:27:334:Infinity":122,"s:336:20:336:Infinity":123,"s:337:4:347:Infinity":124,"s:338:21:343:Infinity":125,"s:344:6:344:Infinity":126,"b:344:18:344:38:344:38:344:Infinity":30,"s:346:6:346:Infinity":127,"s:349:19:349:Infinity":128,"b:350:4:365:Infinity:undefined:undefined:undefined:undefined":31,"s:350:4:365:Infinity":129,"s:351:6:364:Infinity":130,"s:352:28:352:Infinity":131,"s:353:20:353:Infinity":132,"s:354:29:354:Infinity":133,"s:355:22:355:Infinity":134,"s:356:8:358:Infinity":135,"s:356:21:356:24":136,"s:357:10:357:Infinity":137,"s:359:21:359:Infinity":138,"s:360:26:360:Infinity":139,"s:361:8:361:Infinity":140,"s:363:8:363:Infinity":141,"s:367:4:367:Infinity":142,"b:367:53:367:65:367:65:367:75":32}}}
,"/Users/mehdinabhani/Projects/antigravity/fun_projects/skill-tango/web/convex/auth.ts": {"path":"/Users/mehdinabhani/Projects/antigravity/fun_projects/skill-tango/web/convex/auth.ts","statementMap":{"0":{"start":{"line":4,"column":61},"end":{"line":6,"column":null}}},"fnMap":{},"branchMap":{},"s":{"0":1},"f":{},"b":{},"meta":{"lastBranch":0,"lastFunction":0,"lastStatement":1,"seen":{"s:4:61:6:Infinity":0}}}
,"/Users/mehdinabhani/Projects/antigravity/fun_projects/skill-tango/web/convex/nvidia.ts": {"path":"/Users/mehdinabhani/Projects/antigravity/fun_projects/skill-tango/web/convex/nvidia.ts","statementMap":{"0":{"start":{"line":14,"column":23},"end":{"line":14,"column":null}},"1":{"start":{"line":15,"column":25},"end":{"line":15,"column":null}},"2":{"start":{"line":16,"column":19},"end":{"line":16,"column":null}},"3":{"start":{"line":17,"column":25},"end":{"line":17,"column":null}},"4":{"start":{"line":19,"column":4},"end":{"line":35,"column":null}},"5":{"start":{"line":20,"column":8},"end":{"line":34,"column":null}},"6":{"start":{"line":21,"column":12},"end":{"line":22,"column":null}},"7":{"start":{"line":21,"column":39},"end":{"line":21,"column":null}},"8":{"start":{"line":22,"column":17},"end":{"line":22,"column":null}},"9":{"start":{"line":23,"column":8},"end":{"line":34,"column":null}},"10":{"start":{"line":24,"column":12},"end":{"line":33,"column":null}},"11":{"start":{"line":25,"column":16},"end":{"line":28,"column":null}},"12":{"start":{"line":26,"column":20},"end":{"line":27,"column":null}},"13":{"start":{"line":26,"column":47},"end":{"line":26,"column":null}},"14":{"start":{"line":27,"column":25},"end":{"line":27,"column":null}},"15":{"start":{"line":29,"column":16},"end":{"line":32,"column":null}},"16":{"start":{"line":30,"column":20},"end":{"line":30,"column":null}},"17":{"start":{"line":31,"column":20},"end":{"line":31,"column":null}},"18":{"start":{"line":37,"column":4},"end":{"line":37,"column":null}},"19":{"start":{"line":53,"column":19},"end":{"line":53,"column":null}},"20":{"start":{"line":54,"column":4},"end":{"line":56,"column":null}},"21":{"start":{"line":55,"column":8},"end":{"line":55,"column":null}},"22":{"start":{"line":58,"column":117},"end":{"line":58,"column":null}},"23":{"start":{"line":60,"column":25},"end":{"line":60,"column":null}},"24":{"start":{"line":61,"column":4},"end":{"line":63,"column":null}},"25":{"start":{"line":62,"column":8},"end":{"line":62,"column":null}},"26":{"start":{"line":65,"column":20},"end":{"line":65,"column":null}},"27":{"start":{"line":66,"column":28},"end":{"line":66,"column":null}},"28":{"start":{"line":67,"column":23},"end":{"line":67,"column":null}},"29":{"start":{"line":69,"column":22},"end":{"line":69,"column":null}},"30":{"start":{"line":70,"column":22},"end":{"line":70,"column":null}},"31":{"start":{"line":72,"column":21},"end":{"line":72,"column":null}},"32":{"start":{"line":73,"column":26},"end":{"line":73,"column":null}},"33":{"start":{"line":79,"column":38},"end":{"line":79,"column":null}},"34":{"start":{"line":81,"column":4},"end":{"line":81,"column":null}},"35":{"start":{"line":83,"column":35},"end":{"line":83,"column":null}},"36":{"start":{"line":84,"column":24},"end":{"line":84,"column":null}},"37":{"start":{"line":86,"column":4},"end":{"line":186,"column":null}},"38":{"start":{"line":87,"column":38},"end":{"line":87,"column":null}},"39":{"start":{"line":89,"column":8},"end":{"line":147,"column":null}},"40":{"start":{"line":89,"column":27},"end":{"line":89,"column":30}},"41":{"start":{"line":90,"column":12},"end":{"line":146,"column":null}},"42":{"start":{"line":91,"column":33},"end":{"line":98,"column":null}},"43":{"start":{"line":100,"column":16},"end":{"line":100,"column":null}},"44":{"start":{"line":101,"column":16},"end":{"line":115,"column":null}},"45":{"start":{"line":102,"column":38},"end":{"line":102,"column":null}},"46":{"start":{"line":104,"column":20},"end":{"line":110,"column":null}},"47":{"start":{"line":105,"column":38},"end":{"line":105,"column":null}},"48":{"start":{"line":106,"column":24},"end":{"line":106,"column":null}},"49":{"start":{"line":107,"column":24},"end":{"line":107,"column":null}},"50":{"start":{"line":108,"column":24},"end":{"line":108,"column":null}},"51":{"start":{"line":108,"column":53},"end":{"line":108,"column":79}},"52":{"start":{"line":109,"column":24},"end":{"line":109,"column":null}},"53":{"start":{"line":112,"column":20},"end":{"line":112,"column":null}},"54":{"start":{"line":113,"column":20},"end":{"line":113,"column":null}},"55":{"start":{"line":114,"column":20},"end":{"line":114,"column":null}},"56":{"start":{"line":117,"column":29},"end":{"line":117,"column":null}},"57":{"start":{"line":118,"column":16},"end":{"line":118,"column":null}},"58":{"start":{"line":119,"column":16},"end":{"line":119,"column":null}},"59":{"start":{"line":120,"column":16},"end":{"line":120,"column":null}},"60":{"start":{"line":121,"column":16},"end":{"line":121,"column":null}},"61":{"start":{"line":122,"column":16},"end":{"line":122,"column":null}},"62":{"start":{"line":124,"column":16},"end":{"line":128,"column":null}},"63":{"start":{"line":125,"column":20},"end":{"line":125,"column":null}},"64":{"start":{"line":126,"column":20},"end":{"line":126,"column":null}},"65":{"start":{"line":127,"column":20},"end":{"line":127,"column":null}},"66":{"start":{"line":130,"column":16},"end":{"line":132,"column":null}},"67":{"start":{"line":131,"column":20},"end":{"line":131,"column":null}},"68":{"start":{"line":134,"column":16},"end":{"line":134,"column":null}},"69":{"start":{"line":136,"column":16},"end":{"line":136,"column":null}},"70":{"start":{"line":138,"column":16},"end":{"line":143,"column":null}},"71":{"start":{"line":139,"column":34},"end":{"line":139,"column":null}},"72":{"start":{"line":140,"column":20},"end":{"line":140,"column":null}},"73":{"start":{"line":141,"column":20},"end":{"line":141,"column":null}},"74":{"start":{"line":141,"column":49},"end":{"line":141,"column":75}},"75":{"start":{"line":142,"column":20},"end":{"line":142,"column":null}},"76":{"start":{"line":145,"column":16},"end":{"line":145,"column":null}},"77":{"start":{"line":149,"column":8},"end":{"line":149,"column":null}},"78":{"start":{"line":151,"column":8},"end":{"line":154,"column":null}},"79":{"start":{"line":152,"column":12},"end":{"line":152,"column":null}},"80":{"start":{"line":153,"column":12},"end":{"line":153,"column":null}},"81":{"start":{"line":155,"column":8},"end":{"line":155,"column":null}},"82":{"start":{"line":157,"column":27},"end":{"line":157,"column":null}},"83":{"start":{"line":159,"column":8},"end":{"line":185,"column":null}},"84":{"start":{"line":160,"column":12},"end":{"line":182,"column":null}},"85":{"start":{"line":184,"column":12},"end":{"line":184,"column":null}},"86":{"start":{"line":194,"column":19},"end":{"line":194,"column":null}},"87":{"start":{"line":195,"column":4},"end":{"line":197,"column":null}},"88":{"start":{"line":196,"column":8},"end":{"line":196,"column":null}},"89":{"start":{"line":199,"column":21},"end":{"line":213,"column":null}},"90":{"start":{"line":215,"column":4},"end":{"line":218,"column":null}},"91":{"start":{"line":216,"column":26},"end":{"line":216,"column":null}},"92":{"start":{"line":217,"column":8},"end":{"line":217,"column":null}},"93":{"start":{"line":220,"column":17},"end":{"line":220,"column":null}},"94":{"start":{"line":221,"column":16},"end":{"line":221,"column":null}},"95":{"start":{"line":222,"column":4},"end":{"line":224,"column":null}},"96":{"start":{"line":223,"column":8},"end":{"line":223,"column":null}},"97":{"start":{"line":226,"column":4},"end":{"line":226,"column":null}},"98":{"start":{"line":236,"column":19},"end":{"line":236,"column":null}},"99":{"start":{"line":237,"column":4},"end":{"line":239,"column":null}},"100":{"start":{"line":238,"column":8},"end":{"line":238,"column":null}},"101":{"start":{"line":243,"column":4},"end":{"line":243,"column":null}},"102":{"start":{"line":243,"column":27},"end":{"line":243,"column":46}},"103":{"start":{"line":244,"column":29},"end":{"line":244,"column":null}},"104":{"start":{"line":245,"column":4},"end":{"line":245,"column":null}},"105":{"start":{"line":252,"column":19},"end":{"line":252,"column":null}},"106":{"start":{"line":253,"column":4},"end":{"line":255,"column":null}},"107":{"start":{"line":254,"column":8},"end":{"line":254,"column":null}},"108":{"start":{"line":258,"column":4},"end":{"line":258,"column":null}},"109":{"start":{"line":258,"column":27},"end":{"line":258,"column":46}},"110":{"start":{"line":259,"column":4},"end":{"line":259,"column":null}},"111":{"start":{"line":267,"column":4},"end":{"line":267,"column":null}},"112":{"start":{"line":267,"column":27},"end":{"line":267,"column":46}},"113":{"start":{"line":268,"column":4},"end":{"line":268,"column":null}},"114":{"start":{"line":274,"column":13},"end":{"line":293,"column":null}},"115":{"start":{"line":284,"column":8},"end":{"line":291,"column":null}},"116":{"start":{"line":295,"column":13},"end":{"line":300,"column":null}},"117":{"start":{"line":298,"column":8},"end":{"line":298,"column":null}},"118":{"start":{"line":302,"column":13},"end":{"line":307,"column":null}},"119":{"start":{"line":305,"column":8},"end":{"line":305,"column":null}},"120":{"start":{"line":309,"column":13},"end":{"line":314,"column":null}},"121":{"start":{"line":312,"column":8},"end":{"line":312,"column":null}},"122":{"start":{"line":316,"column":13},"end":{"line":321,"column":null}},"123":{"start":{"line":319,"column":8},"end":{"line":319,"column":null}}},"fnMap":{"0":{"name":"extractPromptText","decl":{"start":{"line":8,"column":16},"end":{"line":8,"column":34}},"loc":{"start":{"line":13,"column":2},"end":{"line":38,"column":null}},"line":13},"1":{"name":"performNvidiaCall","decl":{"start":{"line":44,"column":22},"end":{"line":44,"column":40}},"loc":{"start":{"line":52,"column":20},"end":{"line":187,"column":null}},"line":52},"2":{"name":"(anonymous_2)","decl":{"start":{"line":108,"column":42},"end":{"line":108,"column":53}},"loc":{"start":{"line":108,"column":53},"end":{"line":108,"column":79}},"line":108},"3":{"name":"(anonymous_3)","decl":{"start":{"line":141,"column":38},"end":{"line":141,"column":49}},"loc":{"start":{"line":141,"column":49},"end":{"line":141,"column":75}},"line":141},"4":{"name":"generateImage","decl":{"start":{"line":193,"column":22},"end":{"line":193,"column":36}},"loc":{"start":{"line":193,"column":69},"end":{"line":227,"column":null}},"line":193},"5":{"name":"generateAudio","decl":{"start":{"line":233,"column":22},"end":{"line":233,"column":36}},"loc":{"start":{"line":233,"column":88},"end":{"line":246,"column":null}},"line":233},"6":{"name":"(anonymous_6)","decl":{"start":{"line":243,"column":22},"end":{"line":243,"column":27}},"loc":{"start":{"line":243,"column":27},"end":{"line":243,"column":46}},"line":243},"7":{"name":"transcribeAudio","decl":{"start":{"line":251,"column":22},"end":{"line":251,"column":38}},"loc":{"start":{"line":251,"column":76},"end":{"line":260,"column":null}},"line":251},"8":{"name":"(anonymous_8)","decl":{"start":{"line":258,"column":22},"end":{"line":258,"column":27}},"loc":{"start":{"line":258,"column":27},"end":{"line":258,"column":46}},"line":258},"9":{"name":"generateVideo","decl":{"start":{"line":265,"column":22},"end":{"line":265,"column":36}},"loc":{"start":{"line":265,"column":69},"end":{"line":269,"column":null}},"line":265},"10":{"name":"(anonymous_10)","decl":{"start":{"line":267,"column":22},"end":{"line":267,"column":27}},"loc":{"start":{"line":267,"column":27},"end":{"line":267,"column":46}},"line":267},"11":{"name":"(anonymous_11)","decl":{"start":{"line":283,"column":13},"end":{"line":283,"column":20}},"loc":{"start":{"line":283,"column":34},"end":{"line":292,"column":null}},"line":283},"12":{"name":"(anonymous_12)","decl":{"start":{"line":297,"column":13},"end":{"line":297,"column":20}},"loc":{"start":{"line":297,"column":34},"end":{"line":299,"column":null}},"line":297},"13":{"name":"(anonymous_13)","decl":{"start":{"line":304,"column":13},"end":{"line":304,"column":20}},"loc":{"start":{"line":304,"column":34},"end":{"line":306,"column":null}},"line":304},"14":{"name":"(anonymous_14)","decl":{"start":{"line":311,"column":13},"end":{"line":311,"column":20}},"loc":{"start":{"line":311,"column":34},"end":{"line":313,"column":null}},"line":311},"15":{"name":"(anonymous_15)","decl":{"start":{"line":318,"column":13},"end":{"line":318,"column":20}},"loc":{"start":{"line":318,"column":34},"end":{"line":320,"column":null}},"line":318}},"branchMap":{"0":{"loc":{"start":{"line":20,"column":8},"end":{"line":34,"column":null}},"type":"if","locations":[{"start":{"line":20,"column":8},"end":{"line":34,"column":null}},{"start":{"line":23,"column":8},"end":{"line":34,"column":null}}],"line":20},"1":{"loc":{"start":{"line":21,"column":12},"end":{"line":22,"column":null}},"type":"if","locations":[{"start":{"line":21,"column":12},"end":{"line":22,"column":null}},{"start":{"line":22,"column":17},"end":{"line":22,"column":null}}],"line":21},"2":{"loc":{"start":{"line":23,"column":8},"end":{"line":34,"column":null}},"type":"if","locations":[{"start":{"line":23,"column":8},"end":{"line":34,"column":null}},{"start":{},"end":{}}],"line":23},"3":{"loc":{"start":{"line":25,"column":16},"end":{"line":28,"column":null}},"type":"if","locations":[{"start":{"line":25,"column":16},"end":{"line":28,"column":null}},{"start":{},"end":{}}],"line":25},"4":{"loc":{"start":{"line":25,"column":20},"end":{"line":25,"column":55}},"type":"binary-expr","locations":[{"start":{"line":25,"column":20},"end":{"line":25,"column":44}},{"start":{"line":25,"column":44},"end":{"line":25,"column":55}}],"line":25},"5":{"loc":{"start":{"line":26,"column":20},"end":{"line":27,"column":null}},"type":"if","locations":[{"start":{"line":26,"column":20},"end":{"line":27,"column":null}},{"start":{"line":27,"column":25},"end":{"line":27,"column":null}}],"line":26},"6":{"loc":{"start":{"line":29,"column":16},"end":{"line":32,"column":null}},"type":"if","locations":[{"start":{"line":29,"column":16},"end":{"line":32,"column":null}},{"start":{},"end":{}}],"line":29},"7":{"loc":{"start":{"line":29,"column":20},"end":{"line":29,"column":70}},"type":"binary-expr","locations":[{"start":{"line":29,"column":20},"end":{"line":29,"column":49}},{"start":{"line":29,"column":49},"end":{"line":29,"column":70}}],"line":29},"8":{"loc":{"start":{"line":54,"column":4},"end":{"line":56,"column":null}},"type":"if","locations":[{"start":{"line":54,"column":4},"end":{"line":56,"column":null}},{"start":{},"end":{}}],"line":54},"9":{"loc":{"start":{"line":58,"column":29},"end":{"line":58,"column":48}},"type":"default-arg","locations":[{"start":{"line":58,"column":43},"end":{"line":58,"column":48}}],"line":58},"10":{"loc":{"start":{"line":58,"column":48},"end":{"line":58,"column":66}},"type":"default-arg","locations":[{"start":{"line":58,"column":60},"end":{"line":58,"column":66}}],"line":58},"11":{"loc":{"start":{"line":58,"column":66},"end":{"line":58,"column":78}},"type":"default-arg","locations":[{"start":{"line":58,"column":73},"end":{"line":58,"column":78}}],"line":58},"12":{"loc":{"start":{"line":58,"column":78},"end":{"line":58,"column":98}},"type":"default-arg","locations":[{"start":{"line":58,"column":87},"end":{"line":58,"column":98}}],"line":58},"13":{"loc":{"start":{"line":61,"column":4},"end":{"line":63,"column":null}},"type":"if","locations":[{"start":{"line":61,"column":4},"end":{"line":63,"column":null}},{"start":{},"end":{}}],"line":61},"14":{"loc":{"start":{"line":101,"column":16},"end":{"line":115,"column":null}},"type":"if","locations":[{"start":{"line":101,"column":16},"end":{"line":115,"column":null}},{"start":{},"end":{}}],"line":101},"15":{"loc":{"start":{"line":104,"column":20},"end":{"line":110,"column":null}},"type":"if","locations":[{"start":{"line":104,"column":20},"end":{"line":110,"column":null}},{"start":{},"end":{}}],"line":104},"16":{"loc":{"start":{"line":104,"column":24},"end":{"line":104,"column":94}},"type":"binary-expr","locations":[{"start":{"line":104,"column":24},"end":{"line":104,"column":71}},{"start":{"line":104,"column":71},"end":{"line":104,"column":94}}],"line":104},"17":{"loc":{"start":{"line":118,"column":34},"end":{"line":118,"column":null}},"type":"binary-expr","locations":[{"start":{"line":118,"column":34},"end":{"line":118,"column":73}},{"start":{"line":118,"column":73},"end":{"line":118,"column":null}}],"line":118},"18":{"loc":{"start":{"line":124,"column":16},"end":{"line":128,"column":null}},"type":"if","locations":[{"start":{"line":124,"column":16},"end":{"line":128,"column":null}},{"start":{},"end":{}}],"line":124},"19":{"loc":{"start":{"line":130,"column":16},"end":{"line":132,"column":null}},"type":"if","locations":[{"start":{"line":130,"column":16},"end":{"line":132,"column":null}},{"start":{},"end":{}}],"line":130},"20":{"loc":{"start":{"line":136,"column":28},"end":{"line":136,"column":null}},"type":"cond-expr","locations":[{"start":{"line":136,"column":56},"end":{"line":136,"column":67}},{"start":{"line":136,"column":67},"end":{"line":136,"column":null}}],"line":136},"21":{"loc":{"start":{"line":138,"column":16},"end":{"line":143,"column":null}},"type":"if","locations":[{"start":{"line":138,"column":16},"end":{"line":143,"column":null}},{"start":{},"end":{}}],"line":138},"22":{"loc":{"start":{"line":138,"column":20},"end":{"line":138,"column":63}},"type":"binary-expr","locations":[{"start":{"line":138,"column":20},"end":{"line":138,"column":40}},{"start":{"line":138,"column":40},"end":{"line":138,"column":63}}],"line":138},"23":{"loc":{"start":{"line":149,"column":14},"end":{"line":149,"column":null}},"type":"binary-expr","locations":[{"start":{"line":149,"column":14},"end":{"line":149,"column":27}},{"start":{"line":149,"column":27},"end":{"line":149,"column":null}}],"line":149},"24":{"loc":{"start":{"line":151,"column":8},"end":{"line":154,"column":null}},"type":"if","locations":[{"start":{"line":151,"column":8},"end":{"line":154,"column":null}},{"start":{},"end":{}}],"line":151},"25":{"loc":{"start":{"line":153,"column":27},"end":{"line":153,"column":null}},"type":"cond-expr","locations":[{"start":{"line":153,"column":50},"end":{"line":153,"column":64}},{"start":{"line":153,"column":64},"end":{"line":153,"column":null}}],"line":153},"26":{"loc":{"start":{"line":169,"column":32},"end":{"line":169,"column":null}},"type":"binary-expr","locations":[{"start":{"line":169,"column":32},"end":{"line":169,"column":61}},{"start":{"line":169,"column":61},"end":{"line":169,"column":null}}],"line":169},"27":{"loc":{"start":{"line":195,"column":4},"end":{"line":197,"column":null}},"type":"if","locations":[{"start":{"line":195,"column":4},"end":{"line":197,"column":null}},{"start":{},"end":{}}],"line":195},"28":{"loc":{"start":{"line":215,"column":4},"end":{"line":218,"column":null}},"type":"if","locations":[{"start":{"line":215,"column":4},"end":{"line":218,"column":null}},{"start":{},"end":{}}],"line":215},"29":{"loc":{"start":{"line":222,"column":4},"end":{"line":224,"column":null}},"type":"if","locations":[{"start":{"line":222,"column":4},"end":{"line":224,"column":null}},{"start":{},"end":{}}],"line":222},"30":{"loc":{"start":{"line":233,"column":52},"end":{"line":233,"column":88}},"type":"default-arg","locations":[{"start":{"line":233,"column":62},"end":{"line":233,"column":88}}],"line":233},"31":{"loc":{"start":{"line":237,"column":4},"end":{"line":239,"column":null}},"type":"if","locations":[{"start":{"line":237,"column":4},"end":{"line":239,"column":null}},{"start":{},"end":{}}],"line":237},"32":{"loc":{"start":{"line":253,"column":4},"end":{"line":255,"column":null}},"type":"if","locations":[{"start":{"line":253,"column":4},"end":{"line":255,"column":null}},{"start":{},"end":{}}],"line":253},"33":{"loc":{"start":{"line":290,"column":20},"end":{"line":290,"column":null}},"type":"binary-expr","locations":[{"start":{"line":290,"column":20},"end":{"line":290,"column":35}},{"start":{"line":290,"column":35},"end":{"line":290,"column":null}}],"line":290}},"s":{"0":6,"1":6,"2":6,"3":6,"4":6,"5":10,"6":7,"7":2,"8":5,"9":3,"10":3,"11":4,"12":3,"13":1,"14":2,"15":4,"16":1,"17":1,"18":6,"19":0,"20":0,"21":0,"22":0,"23":0,"24":0,"25":0,"26":0,"27":0,"28":0,"29":0,"30":0,"31":0,"32":0,"33":0,"34":0,"35":0,"36":0,"37":0,"38":0,"39":0,"40":0,"41":0,"42":0,"43":0,"44":0,"45":0,"46":0,"47":0,"48":0,"49":0,"50":0,"51":0,"52":0,"53":0,"54":0,"55":0,"56":0,"57":0,"58":0,"59":0,"60":0,"61":0,"62":0,"63":0,"64":0,"65":0,"66":0,"67":0,"68":0,"69":0,"70":0,"71":0,"72":0,"73":0,"74":0,"75":0,"76":0,"77":0,"78":0,"79":0,"80":0,"81":0,"82":0,"83":0,"84":0,"85":0,"86":0,"87":0,"88":0,"89":0,"90":0,"91":0,"92":0,"93":0,"94":0,"95":0,"96":0,"97":0,"98":0,"99":0,"100":0,"101":0,"102":0,"103":0,"104":0,"105":0,"106":0,"107":0,"108":0,"109":0,"110":0,"111":0,"112":0,"113":0,"114":2,"115":0,"116":2,"117":0,"118":2,"119":0,"120":2,"121":0,"122":2,"123":0},"f":{"0":6,"1":0,"2":0,"3":0,"4":0,"5":0,"6":0,"7":0,"8":0,"9":0,"10":0,"11":0,"12":0,"13":0,"14":0,"15":0},"b":{"0":[7,3],"1":[2,5],"2":[3,0],"3":[3,1],"4":[4,3],"5":[1,2],"6":[1,3],"7":[4,1],"8":[0,0],"9":[0],"10":[0],"11":[0],"12":[0],"13":[0,0],"14":[0,0],"15":[0,0],"16":[0,0],"17":[0,0],"18":[0,0],"19":[0,0],"20":[0,0],"21":[0,0],"22":[0,0],"23":[0,0],"24":[0,0],"25":[0,0],"26":[0,0],"27":[0,0],"28":[0,0],"29":[0,0],"30":[0],"31":[0,0],"32":[0,0],"33":[0,0]},"meta":{"lastBranch":34,"lastFunction":16,"lastStatement":124,"seen":{"f:8:16:8:34":0,"s:14:23:14:Infinity":0,"s:15:25:15:Infinity":1,"s:16:19:16:Infinity":2,"s:17:25:17:Infinity":3,"s:19:4:35:Infinity":4,"b:20:8:34:Infinity:23:8:34:Infinity":0,"s:20:8:34:Infinity":5,"b:21:12:22:Infinity:22:17:22:Infinity":1,"s:21:12:22:Infinity":6,"s:21:39:21:Infinity":7,"s:22:17:22:Infinity":8,"b:23:8:34:Infinity:undefined:undefined:undefined:undefined":2,"s:23:8:34:Infinity":9,"s:24:12:33:Infinity":10,"b:25:16:28:Infinity:undefined:undefined:undefined:undefined":3,"s:25:16:28:Infinity":11,"b:25:20:25:44:25:44:25:55":4,"b:26:20:27:Infinity:27:25:27:Infinity":5,"s:26:20:27:Infinity":12,"s:26:47:26:Infinity":13,"s:27:25:27:Infinity":14,"b:29:16:32:Infinity:undefined:undefined:undefined:undefined":6,"s:29:16:32:Infinity":15,"b:29:20:29:49:29:49:29:70":7,"s:30:20:30:Infinity":16,"s:31:20:31:Infinity":17,"s:37:4:37:Infinity":18,"f:44:22:44:40":1,"s:53:19:53:Infinity":19,"b:54:4:56:Infinity:undefined:undefined:undefined:undefined":8,"s:54:4:56:Infinity":20,"s:55:8:55:Infinity":21,"s:58:117:58:Infinity":22,"b:58:43:58:48":9,"b:58:60:58:66":10,"b:58:73:58:78":11,"b:58:87:58:98":12,"s:60:25:60:Infinity":23,"b:61:4:63:Infinity:undefined:undefined:undefined:undefined":13,"s:61:4:63:Infinity":24,"s:62:8:62:Infinity":25,"s:65:20:65:Infinity":26,"s:66:28:66:Infinity":27,"s:67:23:67:Infinity":28,"s:69:22:69:Infinity":29,"s:70:22:70:Infinity":30,"s:72:21:72:Infinity":31,"s:73:26:73:Infinity":32,"s:79:38:79:Infinity":33,"s:81:4:81:Infinity":34,"s:83:35:83:Infinity":35,"s:84:24:84:Infinity":36,"s:86:4:186:Infinity":37,"s:87:38:87:Infinity":38,"s:89:8:147:Infinity":39,"s:89:27:89:30":40,"s:90:12:146:Infinity":41,"s:91:33:98:Infinity":42,"s:100:16:100:Infinity":43,"b:101:16:115:Infinity:undefined:undefined:undefined:undefined":14,"s:101:16:115:Infinity":44,"s:102:38:102:Infinity":45,"b:104:20:110:Infinity:undefined:undefined:undefined:undefined":15,"s:104:20:110:Infinity":46,"b:104:24:104:71:104:71:104:94":16,"s:105:38:105:Infinity":47,"s:106:24:106:Infinity":48,"s:107:24:107:Infinity":49,"s:108:24:108:Infinity":50,"f:108:42:108:53":2,"s:108:53:108:79":51,"s:109:24:109:Infinity":52,"s:112:20:112:Infinity":53,"s:113:20:113:Infinity":54,"s:114:20:114:Infinity":55,"s:117:29:117:Infinity":56,"s:118:16:118:Infinity":57,"b:118:34:118:73:118:73:118:Infinity":17,"s:119:16:119:Infinity":58,"s:120:16:120:Infinity":59,"s:121:16:121:Infinity":60,"s:122:16:122:Infinity":61,"b:124:16:128:Infinity:undefined:undefined:undefined:undefined":18,"s:124:16:128:Infinity":62,"s:125:20:125:Infinity":63,"s:126:20:126:Infinity":64,"s:127:20:127:Infinity":65,"b:130:16:132:Infinity:undefined:undefined:undefined:undefined":19,"s:130:16:132:Infinity":66,"s:131:20:131:Infinity":67,"s:134:16:134:Infinity":68,"s:136:16:136:Infinity":69,"b:136:56:136:67:136:67:136:Infinity":20,"b:138:16:143:Infinity:undefined:undefined:undefined:undefined":21,"s:138:16:143:Infinity":70,"b:138:20:138:40:138:40:138:63":22,"s:139:34:139:Infinity":71,"s:140:20:140:Infinity":72,"s:141:20:141:Infinity":73,"f:141:38:141:49":3,"s:141:49:141:75":74,"s:142:20:142:Infinity":75,"s:145:16:145:Infinity":76,"s:149:8:149:Infinity":77,"b:149:14:149:27:149:27:149:Infinity":23,"b:151:8:154:Infinity:undefined:undefined:undefined:undefined":24,"s:151:8:154:Infinity":78,"s:152:12:152:Infinity":79,"s:153:12:153:Infinity":80,"b:153:50:153:64:153:64:153:Infinity":25,"s:155:8:155:Infinity":81,"s:157:27:157:Infinity":82,"s:159:8:185:Infinity":83,"s:160:12:182:Infinity":84,"b:169:32:169:61:169:61:169:Infinity":26,"s:184:12:184:Infinity":85,"f:193:22:193:36":4,"s:194:19:194:Infinity":86,"b:195:4:197:Infinity:undefined:undefined:undefined:undefined":27,"s:195:4:197:Infinity":87,"s:196:8:196:Infinity":88,"s:199:21:213:Infinity":89,"b:215:4:218:Infinity:undefined:undefined:undefined:undefined":28,"s:215:4:218:Infinity":90,"s:216:26:216:Infinity":91,"s:217:8:217:Infinity":92,"s:220:17:220:Infinity":93,"s:221:16:221:Infinity":94,"b:222:4:224:Infinity:undefined:undefined:undefined:undefined":29,"s:222:4:224:Infinity":95,"s:223:8:223:Infinity":96,"s:226:4:226:Infinity":97,"f:233:22:233:36":5,"b:233:62:233:88":30,"s:236:19:236:Infinity":98,"b:237:4:239:Infinity:undefined:undefined:undefined:undefined":31,"s:237:4:239:Infinity":99,"s:238:8:238:Infinity":100,"s:243:4:243:Infinity":101,"f:243:22:243:27":6,"s:243:27:243:46":102,"s:244:29:244:Infinity":103,"s:245:4:245:Infinity":104,"f:251:22:251:38":7,"s:252:19:252:Infinity":105,"b:253:4:255:Infinity:undefined:undefined:undefined:undefined":32,"s:253:4:255:Infinity":106,"s:254:8:254:Infinity":107,"s:258:4:258:Infinity":108,"f:258:22:258:27":8,"s:258:27:258:46":109,"s:259:4:259:Infinity":110,"f:265:22:265:36":9,"s:267:4:267:Infinity":111,"f:267:22:267:27":10,"s:267:27:267:46":112,"s:268:4:268:Infinity":113,"s:274:13:293:Infinity":114,"f:283:13:283:20":11,"s:284:8:291:Infinity":115,"b:290:20:290:35:290:35:290:Infinity":33,"s:295:13:300:Infinity":116,"f:297:13:297:20":12,"s:298:8:298:Infinity":117,"s:302:13:307:Infinity":118,"f:304:13:304:20":13,"s:305:8:305:Infinity":119,"s:309:13:314:Infinity":120,"f:311:13:311:20":14,"s:312:8:312:Infinity":121,"s:316:13:321:Infinity":122,"f:318:13:318:20":15,"s:319:8:319:Infinity":123}}}
,"/Users/mehdinabhani/Projects/antigravity/fun_projects/skill-tango/web/convex/_generated/api.js": {"path":"/Users/mehdinabhani/Projects/antigravity/fun_projects/skill-tango/web/convex/_generated/api.js","statementMap":{"0":{"start":{"line":21,"column":19},"end":{"line":21,"column":25}},"1":{"start":{"line":22,"column":24},"end":{"line":22,"column":30}},"2":{"start":{"line":23,"column":25},"end":{"line":23,"column":45}}},"fnMap":{},"branchMap":{},"s":{"0":2,"1":2,"2":2},"f":{},"b":{},"meta":{"lastBranch":0,"lastFunction":0,"lastStatement":3,"seen":{"s:21:19:21:25":0,"s:22:24:22:30":1,"s:23:25:23:45":2}}}
,"/Users/mehdinabhani/Projects/antigravity/fun_projects/skill-tango/web/convex/_generated/server.js": {"path":"/Users/mehdinabhani/Projects/antigravity/fun_projects/skill-tango/web/convex/_generated/server.js","statementMap":{"0":{"start":{"line":29,"column":21},"end":{"line":29,"column":33}},"1":{"start":{"line":39,"column":29},"end":{"line":39,"column":49}},"2":{"start":{"line":49,"column":24},"end":{"line":49,"column":39}},"3":{"start":{"line":59,"column":32},"end":{"line":59,"column":55}},"4":{"start":{"line":72,"column":22},"end":{"line":72,"column":35}},"5":{"start":{"line":80,"column":30},"end":{"line":80,"column":51}},"6":{"start":{"line":93,"column":26},"end":{"line":93,"column":43}}},"fnMap":{},"branchMap":{},"s":{"0":2,"1":2,"2":2,"3":2,"4":2,"5":2,"6":2},"f":{},"b":{},"meta":{"lastBranch":0,"lastFunction":0,"lastStatement":7,"seen":{"s:29:21:29:33":0,"s:39:29:39:49":1,"s:49:24:49:39":2,"s:59:32:59:55":3,"s:72:22:72:35":4,"s:80:30:80:51":5,"s:93:26:93:43":6}}}
,"/Users/mehdinabhani/Projects/antigravity/fun_projects/skill-tango/web/src/components/CustomSelect.tsx": {"path":"/Users/mehdinabhani/Projects/antigravity/fun_projects/skill-tango/web/src/components/CustomSelect.tsx","statementMap":{"0":{"start":{"line":18,"column":24},"end":{"line":18,"column":null}},"1":{"start":{"line":19,"column":10},"end":{"line":19,"column":null}},"2":{"start":{"line":21,"column":4},"end":{"line":29,"column":null}},"3":{"start":{"line":22,"column":35},"end":{"line":26,"column":null}},"4":{"start":{"line":23,"column":12},"end":{"line":25,"column":null}},"5":{"start":{"line":24,"column":16},"end":{"line":24,"column":null}},"6":{"start":{"line":27,"column":8},"end":{"line":27,"column":null}},"7":{"start":{"line":28,"column":8},"end":{"line":28,"column":null}},"8":{"start":{"line":28,"column":21},"end":{"line":28,"column":null}},"9":{"start":{"line":31,"column":26},"end":{"line":31,"column":null}},"10":{"start":{"line":31,"column":44},"end":{"line":31,"column":61}},"11":{"start":{"line":33,"column":4},"end":{"line":61,"column":null}},"12":{"start":{"line":38,"column":31},"end":{"line":38,"column":null}},"13":{"start":{"line":38,"column":44},"end":{"line":38,"column":46}},"14":{"start":{"line":49,"column":24},"end":{"line":57,"column":null}},"15":{"start":{"line":54,"column":45},"end":{"line":54,"column":66}},"16":{"start":{"line":54,"column":66},"end":{"line":54,"column":81}}},"fnMap":{"0":{"name":"CustomSelect","decl":{"start":{"line":17,"column":16},"end":{"line":17,"column":29}},"loc":{"start":{"line":17,"column":98},"end":{"line":63,"column":null}},"line":17},"1":{"name":"(anonymous_1)","decl":{"start":{"line":21,"column":14},"end":{"line":21,"column":20}},"loc":{"start":{"line":21,"column":20},"end":{"line":29,"column":7}},"line":21},"2":{"name":"(anonymous_2)","decl":{"start":{"line":22,"column":35},"end":{"line":22,"column":36}},"loc":{"start":{"line":22,"column":54},"end":{"line":26,"column":null}},"line":22},"3":{"name":"(anonymous_3)","decl":{"start":{"line":28,"column":15},"end":{"line":28,"column":21}},"loc":{"start":{"line":28,"column":21},"end":{"line":28,"column":null}},"line":28},"4":{"name":"(anonymous_4)","decl":{"start":{"line":31,"column":39},"end":{"line":31,"column":44}},"loc":{"start":{"line":31,"column":44},"end":{"line":31,"column":61}},"line":31},"5":{"name":"(anonymous_5)","decl":{"start":{"line":38,"column":25},"end":{"line":38,"column":31}},"loc":{"start":{"line":38,"column":31},"end":{"line":38,"column":null}},"line":38},"6":{"name":"(anonymous_6)","decl":{"start":{"line":38,"column":39},"end":{"line":38,"column":44}},"loc":{"start":{"line":38,"column":44},"end":{"line":38,"column":46}},"line":38},"7":{"name":"(anonymous_7)","decl":{"start":{"line":48,"column":33},"end":{"line":48,"column":null}},"loc":{"start":{"line":49,"column":24},"end":{"line":57,"column":null}},"line":49},"8":{"name":"(anonymous_8)","decl":{"start":{"line":54,"column":37},"end":{"line":54,"column":43}},"loc":{"start":{"line":54,"column":43},"end":{"line":54,"column":null}},"line":54}},"branchMap":{"0":{"loc":{"start":{"line":17,"column":57},"end":{"line":17,"column":70}},"type":"default-arg","locations":[{"start":{"line":17,"column":64},"end":{"line":17,"column":70}}],"line":17},"1":{"loc":{"start":{"line":23,"column":12},"end":{"line":25,"column":null}},"type":"if","locations":[{"start":{"line":23,"column":12},"end":{"line":25,"column":null}},{"start":{},"end":{}}],"line":23},"2":{"loc":{"start":{"line":23,"column":16},"end":{"line":23,"column":72}},"type":"binary-expr","locations":[{"start":{"line":23,"column":16},"end":{"line":23,"column":31}},{"start":{"line":23,"column":31},"end":{"line":23,"column":72}}],"line":23},"3":{"loc":{"start":{"line":31,"column":26},"end":{"line":31,"column":null}},"type":"binary-expr","locations":[{"start":{"line":31,"column":26},"end":{"line":31,"column":73}},{"start":{"line":31,"column":73},"end":{"line":31,"column":null}}],"line":31},"4":{"loc":{"start":{"line":43,"column":35},"end":{"line":43,"column":60}},"type":"cond-expr","locations":[{"start":{"line":43,"column":51},"end":{"line":43,"column":56}},{"start":{"line":43,"column":56},"end":{"line":43,"column":60}}],"line":43},"5":{"loc":{"start":{"line":43,"column":97},"end":{"line":43,"column":139}},"type":"cond-expr","locations":[{"start":{"line":43,"column":104},"end":{"line":43,"column":137}},{"start":{"line":43,"column":137},"end":{"line":43,"column":139}}],"line":43},"6":{"loc":{"start":{"line":46,"column":13},"end":{"line":59,"column":null}},"type":"binary-expr","locations":[{"start":{"line":46,"column":13},"end":{"line":46,"column":null}},{"start":{"line":47,"column":16},"end":{"line":59,"column":null}}],"line":46},"7":{"loc":{"start":{"line":53,"column":64},"end":{"line":53,"column":122}},"type":"cond-expr","locations":[{"start":{"line":53,"column":86},"end":{"line":53,"column":120}},{"start":{"line":53,"column":120},"end":{"line":53,"column":122}}],"line":53}},"s":{"0":19,"1":19,"2":19,"3":9,"4":1,"5":1,"6":9,"7":9,"8":9,"9":19,"10":24,"11":19,"12":7,"13":7,"14":18,"15":2,"16":2},"f":{"0":19,"1":9,"2":1,"3":9,"4":24,"5":7,"6":7,"7":18,"8":2},"b":{"0":[19],"1":[1,0],"2":[1,1],"3":[19,1],"4":[1,18],"5":[6,13],"6":[19,6],"7":[6,12]},"meta":{"lastBranch":8,"lastFunction":9,"lastStatement":17,"seen":{"f:17:16:17:29":0,"b:17:64:17:70":0,"s:18:24:18:Infinity":0,"s:19:10:19:Infinity":1,"s:21:4:29:Infinity":2,"f:21:14:21:20":1,"s:22:35:26:Infinity":3,"f:22:35:22:36":2,"b:23:12:25:Infinity:undefined:undefined:undefined:undefined":1,"s:23:12:25:Infinity":4,"b:23:16:23:31:23:31:23:72":2,"s:24:16:24:Infinity":5,"s:27:8:27:Infinity":6,"s:28:8:28:Infinity":7,"f:28:15:28:21":3,"s:28:21:28:Infinity":8,"s:31:26:31:Infinity":9,"b:31:26:31:73:31:73:31:Infinity":3,"f:31:39:31:44":4,"s:31:44:31:61":10,"s:33:4:61:Infinity":11,"f:38:25:38:31":5,"s:38:31:38:Infinity":12,"f:38:39:38:44":6,"s:38:44:38:46":13,"b:43:51:43:56:43:56:43:60":4,"b:43:104:43:137:43:137:43:139":5,"b:46:13:46:Infinity:47:16:59:Infinity":6,"f:48:33:48:Infinity":7,"s:49:24:57:Infinity":14,"b:53:86:53:120:53:120:53:122":7,"f:54:37:54:43":8,"s:54:45:54:66":15,"s:54:66:54:81":16}}}
,"/Users/mehdinabhani/Projects/antigravity/fun_projects/skill-tango/web/src/components/ErrorBoundary.tsx": {"path":"/Users/mehdinabhani/Projects/antigravity/fun_projects/skill-tango/web/src/components/ErrorBoundary.tsx","statementMap":{"0":{"start":{"line":14,"column":19},"end":{"line":14,"column":null}},"1":{"start":{"line":24,"column":18},"end":{"line":26,"column":null}},"2":{"start":{"line":17,"column":8},"end":{"line":17,"column":null}},"3":{"start":{"line":21,"column":8},"end":{"line":21,"column":null}},"4":{"start":{"line":25,"column":8},"end":{"line":25,"column":null}},"5":{"start":{"line":29,"column":8},"end":{"line":54,"column":null}},"6":{"start":{"line":30,"column":12},"end":{"line":52,"column":null}},"7":{"start":{"line":47,"column":82},"end":{"line":47,"column":110}},"8":{"start":{"line":56,"column":8},"end":{"line":56,"column":null}}},"fnMap":{"0":{"name":"(anonymous_0)","decl":{"start":{"line":16,"column":11},"end":{"line":16,"column":36}},"loc":{"start":{"line":16,"column":57},"end":{"line":18,"column":null}},"line":16},"1":{"name":"(anonymous_1)","decl":{"start":{"line":20,"column":4},"end":{"line":20,"column":22}},"loc":{"start":{"line":20,"column":53},"end":{"line":22,"column":null}},"line":20},"2":{"name":"(anonymous_2)","decl":{"start":{"line":24,"column":18},"end":{"line":24,"column":24}},"loc":{"start":{"line":24,"column":24},"end":{"line":26,"column":null}},"line":24},"3":{"name":"(anonymous_3)","decl":{"start":{"line":28,"column":4},"end":{"line":28,"column":13}},"loc":{"start":{"line":28,"column":13},"end":{"line":57,"column":null}},"line":28},"4":{"name":"(anonymous_4)","decl":{"start":{"line":47,"column":76},"end":{"line":47,"column":82}},"loc":{"start":{"line":47,"column":82},"end":{"line":47,"column":110}},"line":47}},"branchMap":{"0":{"loc":{"start":{"line":29,"column":8},"end":{"line":54,"column":null}},"type":"if","locations":[{"start":{"line":29,"column":8},"end":{"line":54,"column":null}},{"start":{},"end":{}}],"line":29},"1":{"loc":{"start":{"line":38,"column":25},"end":{"line":41,"column":null}},"type":"binary-expr","locations":[{"start":{"line":38,"column":25},"end":{"line":38,"column":null}},{"start":{"line":39,"column":28},"end":{"line":41,"column":null}}],"line":38}},"s":{"0":5,"1":0,"2":4,"3":2,"4":0,"5":9,"6":4,"7":0,"8":5},"f":{"0":5,"1":2,"2":0,"3":9,"4":0},"b":{"0":[4,5],"1":[4,4]},"meta":{"lastBranch":2,"lastFunction":5,"lastStatement":9,"seen":{"s:14:19:14:Infinity":0,"s:24:18:26:Infinity":1,"f:16:11:16:36":0,"s:17:8:17:Infinity":2,"f:20:4:20:22":1,"s:21:8:21:Infinity":3,"f:24:18:24:24":2,"s:25:8:25:Infinity":4,"f:28:4:28:13":3,"b:29:8:54:Infinity:undefined:undefined:undefined:undefined":0,"s:29:8:54:Infinity":5,"s:30:12:52:Infinity":6,"b:38:25:38:Infinity:39:28:41:Infinity":1,"f:47:76:47:82":4,"s:47:82:47:110":7,"s:56:8:56:Infinity":8}}}
,"/Users/mehdinabhani/Projects/antigravity/fun_projects/skill-tango/web/src/components/LessonPlayer.tsx": {"path":"/Users/mehdinabhani/Projects/antigravity/fun_projects/skill-tango/web/src/components/LessonPlayer.tsx","statementMap":{"0":{"start":{"line":26,"column":34},"end":{"line":26,"column":null}},"1":{"start":{"line":27,"column":34},"end":{"line":27,"column":null}},"2":{"start":{"line":28,"column":32},"end":{"line":28,"column":null}},"3":{"start":{"line":29,"column":32},"end":{"line":29,"column":null}},"4":{"start":{"line":30,"column":26},"end":{"line":30,"column":null}},"5":{"start":{"line":32,"column":31},"end":{"line":35,"column":null}},"6":{"start":{"line":33,"column":8},"end":{"line":33,"column":null}},"7":{"start":{"line":33,"column":22},"end":{"line":33,"column":null}},"8":{"start":{"line":34,"column":8},"end":{"line":34,"column":null}},"9":{"start":{"line":37,"column":24},"end":{"line":43,"column":null}},"10":{"start":{"line":38,"column":8},"end":{"line":38,"column":null}},"11":{"start":{"line":38,"column":23},"end":{"line":38,"column":null}},"12":{"start":{"line":39,"column":8},"end":{"line":39,"column":null}},"13":{"start":{"line":40,"column":8},"end":{"line":42,"column":null}},"14":{"start":{"line":41,"column":12},"end":{"line":41,"column":null}},"15":{"start":{"line":41,"column":26},"end":{"line":41,"column":31}},"16":{"start":{"line":45,"column":23},"end":{"line":53,"column":null}},"17":{"start":{"line":46,"column":8},"end":{"line":46,"column":null}},"18":{"start":{"line":47,"column":8},"end":{"line":47,"column":null}},"19":{"start":{"line":48,"column":8},"end":{"line":52,"column":null}},"20":{"start":{"line":49,"column":12},"end":{"line":49,"column":null}},"21":{"start":{"line":49,"column":30},"end":{"line":49,"column":35}},"22":{"start":{"line":51,"column":12},"end":{"line":51,"column":null}},"23":{"start":{"line":55,"column":4},"end":{"line":64,"column":null}},"24":{"start":{"line":56,"column":8},"end":{"line":62,"column":null}},"25":{"start":{"line":66,"column":4},"end":{"line":199,"column":null}},"26":{"start":{"line":102,"column":28},"end":{"line":102,"column":null}},"27":{"start":{"line":109,"column":43},"end":{"line":109,"column":null}},"28":{"start":{"line":141,"column":46},"end":{"line":141,"column":null}},"29":{"start":{"line":142,"column":47},"end":{"line":142,"column":null}},"30":{"start":{"line":143,"column":43},"end":{"line":143,"column":null}},"31":{"start":{"line":144,"column":39},"end":{"line":144,"column":null}},"32":{"start":{"line":145,"column":28},"end":{"line":159,"column":null}},"33":{"start":{"line":148,"column":51},"end":{"line":148,"column":null}}},"fnMap":{"0":{"name":"LessonPlayer","decl":{"start":{"line":25,"column":16},"end":{"line":25,"column":29}},"loc":{"start":{"line":25,"column":150},"end":{"line":201,"column":null}},"line":25},"1":{"name":"(anonymous_1)","decl":{"start":{"line":32,"column":31},"end":{"line":32,"column":32}},"loc":{"start":{"line":32,"column":48},"end":{"line":35,"column":null}},"line":32},"2":{"name":"(anonymous_2)","decl":{"start":{"line":37,"column":24},"end":{"line":37,"column":30}},"loc":{"start":{"line":37,"column":30},"end":{"line":43,"column":null}},"line":37},"3":{"name":"(anonymous_3)","decl":{"start":{"line":41,"column":21},"end":{"line":41,"column":26}},"loc":{"start":{"line":41,"column":26},"end":{"line":41,"column":31}},"line":41},"4":{"name":"(anonymous_4)","decl":{"start":{"line":45,"column":23},"end":{"line":45,"column":29}},"loc":{"start":{"line":45,"column":29},"end":{"line":53,"column":null}},"line":45},"5":{"name":"(anonymous_5)","decl":{"start":{"line":49,"column":25},"end":{"line":49,"column":30}},"loc":{"start":{"line":49,"column":30},"end":{"line":49,"column":35}},"line":49},"6":{"name":"(anonymous_6)","decl":{"start":{"line":101,"column":53},"end":{"line":101,"column":54}},"loc":{"start":{"line":102,"column":28},"end":{"line":102,"column":null}},"line":102},"7":{"name":"(anonymous_7)","decl":{"start":{"line":109,"column":37},"end":{"line":109,"column":43}},"loc":{"start":{"line":109,"column":43},"end":{"line":109,"column":null}},"line":109},"8":{"name":"(anonymous_8)","decl":{"start":{"line":140,"column":66},"end":{"line":140,"column":67}},"loc":{"start":{"line":140,"column":75},"end":{"line":161,"column":25}},"line":140},"9":{"name":"(anonymous_9)","decl":{"start":{"line":148,"column":45},"end":{"line":148,"column":51}},"loc":{"start":{"line":148,"column":51},"end":{"line":148,"column":null}},"line":148}},"branchMap":{"0":{"loc":{"start":{"line":25,"column":91},"end":{"line":25,"column":107}},"type":"default-arg","locations":[{"start":{"line":25,"column":103},"end":{"line":25,"column":107}}],"line":25},"1":{"loc":{"start":{"line":33,"column":8},"end":{"line":33,"column":null}},"type":"if","locations":[{"start":{"line":33,"column":8},"end":{"line":33,"column":null}},{"start":{},"end":{}}],"line":33},"2":{"loc":{"start":{"line":38,"column":8},"end":{"line":38,"column":null}},"type":"if","locations":[{"start":{"line":38,"column":8},"end":{"line":38,"column":null}},{"start":{},"end":{}}],"line":38},"3":{"loc":{"start":{"line":40,"column":8},"end":{"line":42,"column":null}},"type":"if","locations":[{"start":{"line":40,"column":8},"end":{"line":42,"column":null}},{"start":{},"end":{}}],"line":40},"4":{"loc":{"start":{"line":48,"column":8},"end":{"line":52,"column":null}},"type":"if","locations":[{"start":{"line":48,"column":8},"end":{"line":52,"column":null}},{"start":{"line":50,"column":15},"end":{"line":52,"column":null}}],"line":48},"5":{"loc":{"start":{"line":55,"column":4},"end":{"line":64,"column":null}},"type":"if","locations":[{"start":{"line":55,"column":4},"end":{"line":64,"column":null}},{"start":{},"end":{}}],"line":55},"6":{"loc":{"start":{"line":79,"column":13},"end":{"line":120,"column":null}},"type":"binary-expr","locations":[{"start":{"line":79,"column":13},"end":{"line":79,"column":null}},{"start":{"line":80,"column":16},"end":{"line":120,"column":null}}],"line":79},"7":{"loc":{"start":{"line":81,"column":21},"end":{"line":84,"column":null}},"type":"binary-expr","locations":[{"start":{"line":81,"column":21},"end":{"line":81,"column":null}},{"start":{"line":82,"column":24},"end":{"line":84,"column":null}}],"line":81},"8":{"loc":{"start":{"line":87,"column":21},"end":{"line":95,"column":null}},"type":"binary-expr","locations":[{"start":{"line":87,"column":21},"end":{"line":87,"column":null}},{"start":{"line":88,"column":24},"end":{"line":95,"column":null}}],"line":87},"9":{"loc":{"start":{"line":102,"column":28},"end":{"line":102,"column":null}},"type":"cond-expr","locations":[{"start":{"line":102,"column":47},"end":{"line":102,"column":120}},{"start":{"line":102,"column":120},"end":{"line":102,"column":null}}],"line":102},"10":{"loc":{"start":{"line":106,"column":21},"end":{"line":113,"column":null}},"type":"binary-expr","locations":[{"start":{"line":106,"column":21},"end":{"line":106,"column":null}},{"start":{"line":107,"column":24},"end":{"line":113,"column":null}}],"line":106},"11":{"loc":{"start":{"line":115,"column":21},"end":{"line":118,"column":null}},"type":"binary-expr","locations":[{"start":{"line":115,"column":21},"end":{"line":115,"column":null}},{"start":{"line":116,"column":24},"end":{"line":118,"column":null}}],"line":115},"12":{"loc":{"start":{"line":123,"column":13},"end":{"line":182,"column":null}},"type":"binary-expr","locations":[{"start":{"line":123,"column":13},"end":{"line":123,"column":37}},{"start":{"line":123,"column":37},"end":{"line":123,"column":null}},{"start":{"line":124,"column":16},"end":{"line":182,"column":null}}],"line":123},"13":{"loc":{"start":{"line":140,"column":26},"end":{"line":140,"column":62}},"type":"binary-expr","locations":[{"start":{"line":140,"column":26},"end":{"line":140,"column":58}},{"start":{"line":140,"column":58},"end":{"line":140,"column":62}}],"line":140},"14":{"loc":{"start":{"line":143,"column":43},"end":{"line":143,"column":null}},"type":"cond-expr","locations":[{"start":{"line":143,"column":56},"end":{"line":143,"column":120}},{"start":{"line":143,"column":120},"end":{"line":143,"column":null}}],"line":143},"15":{"loc":{"start":{"line":143,"column":56},"end":{"line":143,"column":120}},"type":"cond-expr","locations":[{"start":{"line":143,"column":69},"end":{"line":143,"column":93}},{"start":{"line":143,"column":93},"end":{"line":143,"column":120}}],"line":143},"16":{"loc":{"start":{"line":143,"column":120},"end":{"line":143,"column":null}},"type":"cond-expr","locations":[{"start":{"line":143,"column":132},"end":{"line":143,"column":157}},{"start":{"line":143,"column":157},"end":{"line":143,"column":null}}],"line":143},"17":{"loc":{"start":{"line":143,"column":157},"end":{"line":143,"column":null}},"type":"cond-expr","locations":[{"start":{"line":143,"column":170},"end":{"line":143,"column":194}},{"start":{"line":143,"column":194},"end":{"line":143,"column":null}}],"line":143},"18":{"loc":{"start":{"line":144,"column":39},"end":{"line":144,"column":null}},"type":"cond-expr","locations":[{"start":{"line":144,"column":52},"end":{"line":144,"column":107}},{"start":{"line":144,"column":107},"end":{"line":144,"column":null}}],"line":144},"19":{"loc":{"start":{"line":144,"column":52},"end":{"line":144,"column":107}},"type":"cond-expr","locations":[{"start":{"line":144,"column":65},"end":{"line":144,"column":90}},{"start":{"line":144,"column":90},"end":{"line":144,"column":107}}],"line":144},"20":{"loc":{"start":{"line":144,"column":107},"end":{"line":144,"column":null}},"type":"cond-expr","locations":[{"start":{"line":144,"column":119},"end":{"line":144,"column":144}},{"start":{"line":144,"column":144},"end":{"line":144,"column":null}}],"line":144},"21":{"loc":{"start":{"line":144,"column":144},"end":{"line":144,"column":null}},"type":"cond-expr","locations":[{"start":{"line":144,"column":157},"end":{"line":144,"column":181}},{"start":{"line":144,"column":181},"end":{"line":144,"column":null}}],"line":144},"22":{"loc":{"start":{"line":152,"column":97},"end":{"line":152,"column":null}},"type":"cond-expr","locations":[{"start":{"line":152,"column":108},"end":{"line":152,"column":120}},{"start":{"line":152,"column":120},"end":{"line":152,"column":null}}],"line":152},"23":{"loc":{"start":{"line":156,"column":37},"end":{"line":156,"column":null}},"type":"binary-expr","locations":[{"start":{"line":156,"column":37},"end":{"line":156,"column":49}},{"start":{"line":156,"column":49},"end":{"line":156,"column":62}},{"start":{"line":156,"column":62},"end":{"line":156,"column":null}}],"line":156},"24":{"loc":{"start":{"line":157,"column":37},"end":{"line":157,"column":null}},"type":"binary-expr","locations":[{"start":{"line":157,"column":37},"end":{"line":157,"column":49}},{"start":{"line":157,"column":49},"end":{"line":157,"column":63}},{"start":{"line":157,"column":63},"end":{"line":157,"column":77}},{"start":{"line":157,"column":77},"end":{"line":157,"column":null}}],"line":157},"25":{"loc":{"start":{"line":164,"column":21},"end":{"line":171,"column":null}},"type":"binary-expr","locations":[{"start":{"line":164,"column":21},"end":{"line":164,"column":null}},{"start":{"line":165,"column":24},"end":{"line":171,"column":null}}],"line":164},"26":{"loc":{"start":{"line":175,"column":25},"end":{"line":179,"column":null}},"type":"cond-expr","locations":[{"start":{"line":176,"column":30},"end":{"line":176,"column":null}},{"start":{"line":177,"column":30},"end":{"line":179,"column":null}}],"line":175},"27":{"loc":{"start":{"line":178,"column":33},"end":{"line":178,"column":null}},"type":"cond-expr","locations":[{"start":{"line":178,"column":68},"end":{"line":178,"column":88}},{"start":{"line":178,"column":88},"end":{"line":178,"column":null}}],"line":178},"28":{"loc":{"start":{"line":185,"column":13},"end":{"line":197,"column":null}},"type":"binary-expr","locations":[{"start":{"line":185,"column":13},"end":{"line":185,"column":null}},{"start":{"line":186,"column":16},"end":{"line":197,"column":null}}],"line":185},"29":{"loc":{"start":{"line":188,"column":25},"end":{"line":188,"column":null}},"type":"cond-expr","locations":[{"start":{"line":188,"column":54},"end":{"line":188,"column":61}},{"start":{"line":188,"column":61},"end":{"line":188,"column":null}}],"line":188},"30":{"loc":{"start":{"line":188,"column":61},"end":{"line":188,"column":null}},"type":"cond-expr","locations":[{"start":{"line":188,"column":93},"end":{"line":188,"column":100}},{"start":{"line":188,"column":100},"end":{"line":188,"column":null}}],"line":188}},"s":{"0":9,"1":9,"2":9,"3":9,"4":9,"5":9,"6":1,"7":0,"8":1,"9":9,"10":1,"11":0,"12":1,"13":1,"14":1,"15":1,"16":9,"17":1,"18":1,"19":1,"20":0,"21":0,"22":1,"23":9,"24":1,"25":8,"26":4,"27":1,"28":6,"29":6,"30":6,"31":6,"32":6,"33":1},"f":{"0":9,"1":1,"2":1,"3":1,"4":1,"5":0,"6":4,"7":1,"8":6,"9":1},"b":{"0":[9],"1":[0,1],"2":[0,1],"3":[1,0],"4":[0,1],"5":[1,8],"6":[8,4],"7":[4,1],"8":[4,1],"9":[4,0],"10":[4,1],"11":[4,3],"12":[9,3,3],"13":[3,0],"14":[4,2],"15":[1,3],"16":[1,1],"17":[0,1],"18":[4,2],"19":[1,3],"20":[1,1],"21":[0,1],"22":[2,4],"23":[6,2,1],"24":[6,2,1,0],"25":[3,1],"26":[2,1],"27":[0,1],"28":[9,1],"29":[1,0],"30":[0,0]},"meta":{"lastBranch":31,"lastFunction":10,"lastStatement":34,"seen":{"f:25:16:25:29":0,"b:25:103:25:107":0,"s:26:34:26:Infinity":0,"s:27:34:27:Infinity":1,"s:28:32:28:Infinity":2,"s:29:32:29:Infinity":3,"s:30:26:30:Infinity":4,"s:32:31:35:Infinity":5,"f:32:31:32:32":1,"b:33:8:33:Infinity:undefined:undefined:undefined:undefined":1,"s:33:8:33:Infinity":6,"s:33:22:33:Infinity":7,"s:34:8:34:Infinity":8,"s:37:24:43:Infinity":9,"f:37:24:37:30":2,"b:38:8:38:Infinity:undefined:undefined:undefined:undefined":2,"s:38:8:38:Infinity":10,"s:38:23:38:Infinity":11,"s:39:8:39:Infinity":12,"b:40:8:42:Infinity:undefined:undefined:undefined:undefined":3,"s:40:8:42:Infinity":13,"s:41:12:41:Infinity":14,"f:41:21:41:26":3,"s:41:26:41:31":15,"s:45:23:53:Infinity":16,"f:45:23:45:29":4,"s:46:8:46:Infinity":17,"s:47:8:47:Infinity":18,"b:48:8:52:Infinity:50:15:52:Infinity":4,"s:48:8:52:Infinity":19,"s:49:12:49:Infinity":20,"f:49:25:49:30":5,"s:49:30:49:35":21,"s:51:12:51:Infinity":22,"b:55:4:64:Infinity:undefined:undefined:undefined:undefined":5,"s:55:4:64:Infinity":23,"s:56:8:62:Infinity":24,"s:66:4:199:Infinity":25,"b:79:13:79:Infinity:80:16:120:Infinity":6,"b:81:21:81:Infinity:82:24:84:Infinity":7,"b:87:21:87:Infinity:88:24:95:Infinity":8,"f:101:53:101:54":6,"s:102:28:102:Infinity":26,"b:102:47:102:120:102:120:102:Infinity":9,"b:106:21:106:Infinity:107:24:113:Infinity":10,"f:109:37:109:43":7,"s:109:43:109:Infinity":27,"b:115:21:115:Infinity:116:24:118:Infinity":11,"b:123:13:123:37:123:37:123:Infinity:124:16:182:Infinity":12,"b:140:26:140:58:140:58:140:62":13,"f:140:66:140:67":8,"s:141:46:141:Infinity":28,"s:142:47:142:Infinity":29,"s:143:43:143:Infinity":30,"b:143:56:143:120:143:120:143:Infinity":14,"b:143:69:143:93:143:93:143:120":15,"b:143:132:143:157:143:157:143:Infinity":16,"b:143:170:143:194:143:194:143:Infinity":17,"s:144:39:144:Infinity":31,"b:144:52:144:107:144:107:144:Infinity":18,"b:144:65:144:90:144:90:144:107":19,"b:144:119:144:144:144:144:144:Infinity":20,"b:144:157:144:181:144:181:144:Infinity":21,"s:145:28:159:Infinity":32,"f:148:45:148:51":9,"s:148:51:148:Infinity":33,"b:152:108:152:120:152:120:152:Infinity":22,"b:156:37:156:49:156:49:156:62:156:62:156:Infinity":23,"b:157:37:157:49:157:49:157:63:157:63:157:77:157:77:157:Infinity":24,"b:164:21:164:Infinity:165:24:171:Infinity":25,"b:176:30:176:Infinity:177:30:179:Infinity":26,"b:178:68:178:88:178:88:178:Infinity":27,"b:185:13:185:Infinity:186:16:197:Infinity":28,"b:188:54:188:61:188:61:188:Infinity":29,"b:188:93:188:100:188:100:188:Infinity":30}}}
,"/Users/mehdinabhani/Projects/antigravity/fun_projects/skill-tango/web/src/components/Skeleton.tsx": {"path":"/Users/mehdinabhani/Projects/antigravity/fun_projects/skill-tango/web/src/components/Skeleton.tsx","statementMap":{"0":{"start":{"line":7,"column":4},"end":{"line":7,"column":null}},"1":{"start":{"line":11,"column":4},"end":{"line":16,"column":null}},"2":{"start":{"line":21,"column":4},"end":{"line":26,"column":null}},"3":{"start":{"line":24,"column":16},"end":{"line":24,"column":null}},"4":{"start":{"line":31,"column":4},"end":{"line":49,"column":null}},"5":{"start":{"line":54,"column":4},"end":{"line":67,"column":null}},"6":{"start":{"line":72,"column":4},"end":{"line":83,"column":null}}},"fnMap":{"0":{"name":"SkeletonLine","decl":{"start":{"line":6,"column":16},"end":{"line":6,"column":29}},"loc":{"start":{"line":6,"column":103},"end":{"line":8,"column":null}},"line":6},"1":{"name":"SkeletonCard","decl":{"start":{"line":10,"column":16},"end":{"line":10,"column":31}},"loc":{"start":{"line":10,"column":31},"end":{"line":18,"column":null}},"line":10},"2":{"name":"SkeletonCourseList","decl":{"start":{"line":20,"column":16},"end":{"line":20,"column":35}},"loc":{"start":{"line":20,"column":70},"end":{"line":28,"column":null}},"line":20},"3":{"name":"(anonymous_3)","decl":{"start":{"line":23,"column":47},"end":{"line":23,"column":48}},"loc":{"start":{"line":24,"column":16},"end":{"line":24,"column":null}},"line":24},"4":{"name":"SkeletonLessonPlayer","decl":{"start":{"line":30,"column":16},"end":{"line":30,"column":39}},"loc":{"start":{"line":30,"column":39},"end":{"line":51,"column":null}},"line":30},"5":{"name":"SkeletonAssessment","decl":{"start":{"line":53,"column":16},"end":{"line":53,"column":37}},"loc":{"start":{"line":53,"column":37},"end":{"line":69,"column":null}},"line":53},"6":{"name":"SkeletonProfile","decl":{"start":{"line":71,"column":16},"end":{"line":71,"column":34}},"loc":{"start":{"line":71,"column":34},"end":{"line":85,"column":null}},"line":71}},"branchMap":{"0":{"loc":{"start":{"line":6,"column":31},"end":{"line":6,"column":47}},"type":"default-arg","locations":[{"start":{"line":6,"column":39},"end":{"line":6,"column":47}}],"line":6},"1":{"loc":{"start":{"line":6,"column":47},"end":{"line":6,"column":63}},"type":"default-arg","locations":[{"start":{"line":6,"column":56},"end":{"line":6,"column":63}}],"line":6},"2":{"loc":{"start":{"line":20,"column":37},"end":{"line":20,"column":47}},"type":"default-arg","locations":[{"start":{"line":20,"column":45},"end":{"line":20,"column":47}}],"line":20}},"s":{"0":63,"1":15,"2":2,"3":8,"4":2,"5":1,"6":1},"f":{"0":63,"1":15,"2":2,"3":8,"4":2,"5":1,"6":1},"b":{"0":[63],"1":[63],"2":[2]},"meta":{"lastBranch":3,"lastFunction":7,"lastStatement":7,"seen":{"f:6:16:6:29":0,"b:6:39:6:47":0,"b:6:56:6:63":1,"s:7:4:7:Infinity":0,"f:10:16:10:31":1,"s:11:4:16:Infinity":1,"f:20:16:20:35":2,"b:20:45:20:47":2,"s:21:4:26:Infinity":2,"f:23:47:23:48":3,"s:24:16:24:Infinity":3,"f:30:16:30:39":4,"s:31:4:49:Infinity":4,"f:53:16:53:37":5,"s:54:4:67:Infinity":5,"f:71:16:71:34":6,"s:72:4:83:Infinity":6}}}
,"/Users/mehdinabhani/Projects/antigravity/fun_projects/skill-tango/web/src/components/Toast.tsx": {"path":"/Users/mehdinabhani/Projects/antigravity/fun_projects/skill-tango/web/src/components/Toast.tsx","statementMap":{"0":{"start":{"line":16,"column":6},"end":{"line":16,"column":null}},"1":{"start":{"line":19,"column":10},"end":{"line":19,"column":null}},"2":{"start":{"line":20,"column":4},"end":{"line":20,"column":null}},"3":{"start":{"line":20,"column":14},"end":{"line":20,"column":null}},"4":{"start":{"line":21,"column":4},"end":{"line":21,"column":null}},"5":{"start":{"line":25,"column":28},"end":{"line":25,"column":null}},"6":{"start":{"line":27,"column":10},"end":{"line":30,"column":null}},"7":{"start":{"line":28,"column":19},"end":{"line":28,"column":null}},"8":{"start":{"line":29,"column":8},"end":{"line":29,"column":null}},"9":{"start":{"line":29,"column":26},"end":{"line":29,"column":58}},"10":{"start":{"line":32,"column":10},"end":{"line":34,"column":null}},"11":{"start":{"line":33,"column":8},"end":{"line":33,"column":null}},"12":{"start":{"line":33,"column":26},"end":{"line":33,"column":55}},"13":{"start":{"line":33,"column":43},"end":{"line":33,"column":54}},"14":{"start":{"line":36,"column":4},"end":{"line":44,"column":null}},"15":{"start":{"line":41,"column":20},"end":{"line":41,"column":null}},"16":{"start":{"line":49,"column":4},"end":{"line":52,"column":null}},"17":{"start":{"line":50,"column":22},"end":{"line":50,"column":null}},"18":{"start":{"line":50,"column":39},"end":{"line":50,"column":60}},"19":{"start":{"line":51,"column":8},"end":{"line":51,"column":null}},"20":{"start":{"line":51,"column":21},"end":{"line":51,"column":null}},"21":{"start":{"line":54,"column":17},"end":{"line":56,"column":null}},"22":{"start":{"line":58,"column":4},"end":{"line":65,"column":null}},"23":{"start":{"line":62,"column":60},"end":{"line":62,"column":81}}},"fnMap":{"0":{"name":"useToast","decl":{"start":{"line":18,"column":16},"end":{"line":18,"column":27}},"loc":{"start":{"line":18,"column":27},"end":{"line":22,"column":null}},"line":18},"1":{"name":"ToastProvider","decl":{"start":{"line":24,"column":16},"end":{"line":24,"column":30}},"loc":{"start":{"line":24,"column":69},"end":{"line":46,"column":null}},"line":24},"2":{"name":"(anonymous_2)","decl":{"start":{"line":27,"column":34},"end":{"line":27,"column":35}},"loc":{"start":{"line":27,"column":81},"end":{"line":30,"column":7}},"line":27},"3":{"name":"(anonymous_3)","decl":{"start":{"line":29,"column":18},"end":{"line":29,"column":26}},"loc":{"start":{"line":29,"column":26},"end":{"line":29,"column":58}},"line":29},"4":{"name":"(anonymous_4)","decl":{"start":{"line":32,"column":32},"end":{"line":32,"column":33}},"loc":{"start":{"line":32,"column":48},"end":{"line":34,"column":7}},"line":32},"5":{"name":"(anonymous_5)","decl":{"start":{"line":33,"column":18},"end":{"line":33,"column":26}},"loc":{"start":{"line":33,"column":26},"end":{"line":33,"column":55}},"line":33},"6":{"name":"(anonymous_6)","decl":{"start":{"line":33,"column":38},"end":{"line":33,"column":43}},"loc":{"start":{"line":33,"column":43},"end":{"line":33,"column":54}},"line":33},"7":{"name":"(anonymous_7)","decl":{"start":{"line":40,"column":28},"end":{"line":40,"column":null}},"loc":{"start":{"line":41,"column":20},"end":{"line":41,"column":null}},"line":41},"8":{"name":"ToastItem","decl":{"start":{"line":48,"column":9},"end":{"line":48,"column":19}},"loc":{"start":{"line":48,"column":92},"end":{"line":67,"column":null}},"line":48},"9":{"name":"(anonymous_9)","decl":{"start":{"line":49,"column":14},"end":{"line":49,"column":20}},"loc":{"start":{"line":49,"column":20},"end":{"line":52,"column":7}},"line":49},"10":{"name":"(anonymous_10)","decl":{"start":{"line":50,"column":33},"end":{"line":50,"column":39}},"loc":{"start":{"line":50,"column":39},"end":{"line":50,"column":60}},"line":50},"11":{"name":"(anonymous_11)","decl":{"start":{"line":51,"column":15},"end":{"line":51,"column":21}},"loc":{"start":{"line":51,"column":21},"end":{"line":51,"column":null}},"line":51},"12":{"name":"(anonymous_12)","decl":{"start":{"line":62,"column":54},"end":{"line":62,"column":60}},"loc":{"start":{"line":62,"column":60},"end":{"line":62,"column":81}},"line":62}},"branchMap":{"0":{"loc":{"start":{"line":20,"column":4},"end":{"line":20,"column":null}},"type":"if","locations":[{"start":{"line":20,"column":4},"end":{"line":20,"column":null}},{"start":{},"end":{}}],"line":20},"1":{"loc":{"start":{"line":27,"column":52},"end":{"line":27,"column":81}},"type":"default-arg","locations":[{"start":{"line":27,"column":70},"end":{"line":27,"column":81}}],"line":27},"2":{"loc":{"start":{"line":54,"column":17},"end":{"line":56,"column":null}},"type":"cond-expr","locations":[{"start":{"line":54,"column":42},"end":{"line":54,"column":null}},{"start":{"line":55,"column":10},"end":{"line":56,"column":null}}],"line":54},"3":{"loc":{"start":{"line":55,"column":10},"end":{"line":56,"column":null}},"type":"cond-expr","locations":[{"start":{"line":55,"column":37},"end":{"line":55,"column":null}},{"start":{"line":56,"column":14},"end":{"line":56,"column":null}}],"line":55}},"s":{"0":1,"1":20,"2":20,"3":2,"4":17,"5":17,"6":17,"7":8,"8":8,"9":8,"10":17,"11":2,"12":2,"13":2,"14":17,"15":9,"16":9,"17":8,"18":1,"19":8,"20":8,"21":9,"22":9,"23":1},"f":{"0":20,"1":17,"2":8,"3":8,"4":2,"5":2,"6":2,"7":9,"8":9,"9":8,"10":1,"11":8,"12":1},"b":{"0":[2,18],"1":[8],"2":[2,7],"3":[5,2]},"meta":{"lastBranch":4,"lastFunction":13,"lastStatement":24,"seen":{"s:16:6:16:Infinity":0,"f:18:16:18:27":0,"s:19:10:19:Infinity":1,"b:20:4:20:Infinity:undefined:undefined:undefined:undefined":0,"s:20:4:20:Infinity":2,"s:20:14:20:Infinity":3,"s:21:4:21:Infinity":4,"f:24:16:24:30":1,"s:25:28:25:Infinity":5,"s:27:10:30:Infinity":6,"f:27:34:27:35":2,"b:27:70:27:81":1,"s:28:19:28:Infinity":7,"s:29:8:29:Infinity":8,"f:29:18:29:26":3,"s:29:26:29:58":9,"s:32:10:34:Infinity":10,"f:32:32:32:33":4,"s:33:8:33:Infinity":11,"f:33:18:33:26":5,"s:33:26:33:55":12,"f:33:38:33:43":6,"s:33:43:33:54":13,"s:36:4:44:Infinity":14,"f:40:28:40:Infinity":7,"s:41:20:41:Infinity":15,"f:48:9:48:19":8,"s:49:4:52:Infinity":16,"f:49:14:49:20":9,"s:50:22:50:Infinity":17,"f:50:33:50:39":10,"s:50:39:50:60":18,"s:51:8:51:Infinity":19,"f:51:15:51:21":11,"s:51:21:51:Infinity":20,"s:54:17:56:Infinity":21,"b:54:42:54:Infinity:55:10:56:Infinity":2,"b:55:37:55:Infinity:56:14:56:Infinity":3,"s:58:4:65:Infinity":22,"f:62:54:62:60":12,"s:62:60:62:81":23}}}
}
